{"C:\\Users\\wyemh\\vikini\\vikini\\lib\\env.ts": {"path":"C:\\Users\\wyemh\\vikini\\vikini\\lib\\env.ts","statementMap":{"0":{"start":{"line":10,"column":58},"end":{"line":10,"column":null}},"1":{"start":{"line":14,"column":0},"end":{"line":26,"column":null}},"2":{"start":{"line":15,"column":2},"end":{"line":25,"column":null}},"3":{"start":{"line":16,"column":4},"end":{"line":16,"column":null}},"4":{"start":{"line":20,"column":4},"end":{"line":22,"column":null}},"5":{"start":{"line":21,"column":6},"end":{"line":21,"column":null}},"6":{"start":{"line":23,"column":4},"end":{"line":23,"column":null}},"7":{"start":{"line":24,"column":4},"end":{"line":24,"column":null}}},"fnMap":{},"branchMap":{"0":{"loc":{"start":{"line":14,"column":0},"end":{"line":26,"column":null}},"type":"if","locations":[{"start":{"line":14,"column":0},"end":{"line":26,"column":null}},{"start":{},"end":{}}],"line":14},"1":{"loc":{"start":{"line":20,"column":4},"end":{"line":22,"column":null}},"type":"if","locations":[{"start":{"line":20,"column":4},"end":{"line":22,"column":null}},{"start":{},"end":{}}],"line":20}},"s":{"0":1,"1":1,"2":0,"3":0,"4":0,"5":0,"6":0,"7":0},"f":{},"b":{"0":[0,1],"1":[0,0]},"meta":{"lastBranch":2,"lastFunction":0,"lastStatement":8,"seen":{"s:10:58:10:Infinity":0,"b:14:0:26:Infinity:undefined:undefined:undefined:undefined":0,"s:14:0:26:Infinity":1,"s:15:2:25:Infinity":2,"s:16:4:16:Infinity":3,"b:20:4:22:Infinity:undefined:undefined:undefined:undefined":1,"s:20:4:22:Infinity":4,"s:21:6:21:Infinity":5,"s:23:4:23:Infinity":6,"s:24:4:24:Infinity":7}}}
,"C:\\Users\\wyemh\\vikini\\vikini\\lib\\core\\cache.ts": {"path":"C:\\Users\\wyemh\\vikini\\vikini\\lib\\core\\cache.ts","statementMap":{"0":{"start":{"line":6,"column":26},"end":{"line":6,"column":null}},"1":{"start":{"line":9,"column":2},"end":{"line":24,"column":null}},"2":{"start":{"line":10,"column":16},"end":{"line":10,"column":null}},"3":{"start":{"line":11,"column":18},"end":{"line":11,"column":null}},"4":{"start":{"line":13,"column":4},"end":{"line":16,"column":null}},"5":{"start":{"line":14,"column":6},"end":{"line":14,"column":null}},"6":{"start":{"line":15,"column":6},"end":{"line":15,"column":null}},"7":{"start":{"line":18,"column":4},"end":{"line":23,"column":null}},"8":{"start":{"line":19,"column":6},"end":{"line":19,"column":null}},"9":{"start":{"line":21,"column":6},"end":{"line":21,"column":null}},"10":{"start":{"line":22,"column":6},"end":{"line":22,"column":null}},"11":{"start":{"line":25,"column":2},"end":{"line":25,"column":null}},"12":{"start":{"line":29,"column":19},"end":{"line":32,"column":null}},"13":{"start":{"line":30,"column":37},"end":{"line":30,"column":null}},"14":{"start":{"line":31,"column":28},"end":{"line":31,"column":null}},"15":{"start":{"line":35,"column":12},"end":{"line":38,"column":null}},"16":{"start":{"line":44,"column":12},"end":{"line":44,"column":null}},"17":{"start":{"line":45,"column":2},"end":{"line":45,"column":null}},"18":{"start":{"line":45,"column":10},"end":{"line":45,"column":null}},"19":{"start":{"line":47,"column":2},"end":{"line":57,"column":null}},"20":{"start":{"line":48,"column":16},"end":{"line":48,"column":null}},"21":{"start":{"line":49,"column":19},"end":{"line":49,"column":null}},"22":{"start":{"line":50,"column":4},"end":{"line":50,"column":null}},"23":{"start":{"line":50,"column":17},"end":{"line":50,"column":null}},"24":{"start":{"line":53,"column":4},"end":{"line":53,"column":null}},"25":{"start":{"line":55,"column":4},"end":{"line":55,"column":null}},"26":{"start":{"line":56,"column":4},"end":{"line":56,"column":null}},"27":{"start":{"line":64,"column":12},"end":{"line":64,"column":null}},"28":{"start":{"line":65,"column":2},"end":{"line":65,"column":null}},"29":{"start":{"line":65,"column":10},"end":{"line":65,"column":null}},"30":{"start":{"line":67,"column":2},"end":{"line":72,"column":null}},"31":{"start":{"line":68,"column":16},"end":{"line":68,"column":null}},"32":{"start":{"line":69,"column":4},"end":{"line":69,"column":null}},"33":{"start":{"line":71,"column":4},"end":{"line":71,"column":null}},"34":{"start":{"line":79,"column":12},"end":{"line":79,"column":null}},"35":{"start":{"line":80,"column":2},"end":{"line":80,"column":null}},"36":{"start":{"line":80,"column":10},"end":{"line":80,"column":null}},"37":{"start":{"line":82,"column":2},"end":{"line":87,"column":null}},"38":{"start":{"line":83,"column":16},"end":{"line":83,"column":null}},"39":{"start":{"line":84,"column":4},"end":{"line":84,"column":null}},"40":{"start":{"line":86,"column":4},"end":{"line":86,"column":null}},"41":{"start":{"line":94,"column":12},"end":{"line":94,"column":null}},"42":{"start":{"line":95,"column":2},"end":{"line":95,"column":null}},"43":{"start":{"line":95,"column":10},"end":{"line":95,"column":null}},"44":{"start":{"line":97,"column":2},"end":{"line":107,"column":null}},"45":{"start":{"line":98,"column":16},"end":{"line":98,"column":null}},"46":{"start":{"line":99,"column":19},"end":{"line":99,"column":null}},"47":{"start":{"line":100,"column":4},"end":{"line":100,"column":null}},"48":{"start":{"line":100,"column":17},"end":{"line":100,"column":null}},"49":{"start":{"line":103,"column":4},"end":{"line":103,"column":null}},"50":{"start":{"line":105,"column":4},"end":{"line":105,"column":null}},"51":{"start":{"line":106,"column":4},"end":{"line":106,"column":null}},"52":{"start":{"line":114,"column":12},"end":{"line":114,"column":null}},"53":{"start":{"line":115,"column":2},"end":{"line":115,"column":null}},"54":{"start":{"line":115,"column":10},"end":{"line":115,"column":null}},"55":{"start":{"line":117,"column":2},"end":{"line":122,"column":null}},"56":{"start":{"line":118,"column":16},"end":{"line":118,"column":null}},"57":{"start":{"line":119,"column":4},"end":{"line":119,"column":null}},"58":{"start":{"line":121,"column":4},"end":{"line":121,"column":null}},"59":{"start":{"line":129,"column":12},"end":{"line":129,"column":null}},"60":{"start":{"line":130,"column":2},"end":{"line":130,"column":null}},"61":{"start":{"line":130,"column":10},"end":{"line":130,"column":null}},"62":{"start":{"line":132,"column":2},"end":{"line":137,"column":null}},"63":{"start":{"line":133,"column":16},"end":{"line":133,"column":null}},"64":{"start":{"line":134,"column":4},"end":{"line":134,"column":null}},"65":{"start":{"line":136,"column":4},"end":{"line":136,"column":null}}},"fnMap":{"0":{"name":"getRedis","decl":{"start":{"line":8,"column":9},"end":{"line":8,"column":34}},"loc":{"start":{"line":8,"column":34},"end":{"line":26,"column":null}},"line":8},"1":{"name":"(anonymous_1)","decl":{"start":{"line":30,"column":17},"end":{"line":30,"column":18}},"loc":{"start":{"line":30,"column":37},"end":{"line":30,"column":null}},"line":30},"2":{"name":"(anonymous_2)","decl":{"start":{"line":31,"column":8},"end":{"line":31,"column":9}},"loc":{"start":{"line":31,"column":28},"end":{"line":31,"column":null}},"line":31},"3":{"name":"getCachedConversations","decl":{"start":{"line":43,"column":22},"end":{"line":43,"column":48}},"loc":{"start":{"line":43,"column":83},"end":{"line":58,"column":null}},"line":43},"4":{"name":"setCachedConversations","decl":{"start":{"line":63,"column":22},"end":{"line":63,"column":48}},"loc":{"start":{"line":63,"column":88},"end":{"line":73,"column":null}},"line":63},"5":{"name":"invalidateConversationsCache","decl":{"start":{"line":78,"column":22},"end":{"line":78,"column":51}},"loc":{"start":{"line":78,"column":82},"end":{"line":88,"column":null}},"line":78},"6":{"name":"getCachedGems","decl":{"start":{"line":93,"column":22},"end":{"line":93,"column":39}},"loc":{"start":{"line":93,"column":74},"end":{"line":108,"column":null}},"line":93},"7":{"name":"setCachedGems","decl":{"start":{"line":113,"column":22},"end":{"line":113,"column":39}},"loc":{"start":{"line":113,"column":79},"end":{"line":123,"column":null}},"line":113},"8":{"name":"invalidateGemsCache","decl":{"start":{"line":128,"column":22},"end":{"line":128,"column":42}},"loc":{"start":{"line":128,"column":73},"end":{"line":138,"column":null}},"line":128}},"branchMap":{"0":{"loc":{"start":{"line":9,"column":2},"end":{"line":24,"column":null}},"type":"if","locations":[{"start":{"line":9,"column":2},"end":{"line":24,"column":null}},{"start":{},"end":{}}],"line":9},"1":{"loc":{"start":{"line":13,"column":4},"end":{"line":16,"column":null}},"type":"if","locations":[{"start":{"line":13,"column":4},"end":{"line":16,"column":null}},{"start":{},"end":{}}],"line":13},"2":{"loc":{"start":{"line":13,"column":8},"end":{"line":13,"column":24}},"type":"binary-expr","locations":[{"start":{"line":13,"column":8},"end":{"line":13,"column":16}},{"start":{"line":13,"column":16},"end":{"line":13,"column":24}}],"line":13},"3":{"loc":{"start":{"line":45,"column":2},"end":{"line":45,"column":null}},"type":"if","locations":[{"start":{"line":45,"column":2},"end":{"line":45,"column":null}},{"start":{},"end":{}}],"line":45},"4":{"loc":{"start":{"line":50,"column":4},"end":{"line":50,"column":null}},"type":"if","locations":[{"start":{"line":50,"column":4},"end":{"line":50,"column":null}},{"start":{},"end":{}}],"line":50},"5":{"loc":{"start":{"line":65,"column":2},"end":{"line":65,"column":null}},"type":"if","locations":[{"start":{"line":65,"column":2},"end":{"line":65,"column":null}},{"start":{},"end":{}}],"line":65},"6":{"loc":{"start":{"line":80,"column":2},"end":{"line":80,"column":null}},"type":"if","locations":[{"start":{"line":80,"column":2},"end":{"line":80,"column":null}},{"start":{},"end":{}}],"line":80},"7":{"loc":{"start":{"line":95,"column":2},"end":{"line":95,"column":null}},"type":"if","locations":[{"start":{"line":95,"column":2},"end":{"line":95,"column":null}},{"start":{},"end":{}}],"line":95},"8":{"loc":{"start":{"line":100,"column":4},"end":{"line":100,"column":null}},"type":"if","locations":[{"start":{"line":100,"column":4},"end":{"line":100,"column":null}},{"start":{},"end":{}}],"line":100},"9":{"loc":{"start":{"line":115,"column":2},"end":{"line":115,"column":null}},"type":"if","locations":[{"start":{"line":115,"column":2},"end":{"line":115,"column":null}},{"start":{},"end":{}}],"line":115},"10":{"loc":{"start":{"line":130,"column":2},"end":{"line":130,"column":null}},"type":"if","locations":[{"start":{"line":130,"column":2},"end":{"line":130,"column":null}},{"start":{},"end":{}}],"line":130}},"s":{"0":10,"1":14,"2":14,"3":14,"4":14,"5":6,"6":6,"7":8,"8":8,"9":8,"10":8,"11":0,"12":10,"13":0,"14":0,"15":10,"16":4,"17":4,"18":4,"19":0,"20":0,"21":0,"22":0,"23":0,"24":0,"25":0,"26":0,"27":2,"28":2,"29":2,"30":0,"31":0,"32":0,"33":0,"34":2,"35":2,"36":2,"37":0,"38":0,"39":0,"40":0,"41":2,"42":2,"43":2,"44":0,"45":0,"46":0,"47":0,"48":0,"49":0,"50":0,"51":0,"52":2,"53":2,"54":2,"55":0,"56":0,"57":0,"58":0,"59":2,"60":2,"61":2,"62":0,"63":0,"64":0,"65":0},"f":{"0":14,"1":0,"2":0,"3":4,"4":2,"5":2,"6":2,"7":2,"8":2},"b":{"0":[14,0],"1":[6,8],"2":[14,8],"3":[4,0],"4":[0,0],"5":[2,0],"6":[2,0],"7":[2,0],"8":[0,0],"9":[2,0],"10":[2,0]},"meta":{"lastBranch":11,"lastFunction":9,"lastStatement":66,"seen":{"s:6:26:6:Infinity":0,"f:8:9:8:34":0,"b:9:2:24:Infinity:undefined:undefined:undefined:undefined":0,"s:9:2:24:Infinity":1,"s:10:16:10:Infinity":2,"s:11:18:11:Infinity":3,"b:13:4:16:Infinity:undefined:undefined:undefined:undefined":1,"s:13:4:16:Infinity":4,"b:13:8:13:16:13:16:13:24":2,"s:14:6:14:Infinity":5,"s:15:6:15:Infinity":6,"s:18:4:23:Infinity":7,"s:19:6:19:Infinity":8,"s:21:6:21:Infinity":9,"s:22:6:22:Infinity":10,"s:25:2:25:Infinity":11,"s:29:19:32:Infinity":12,"f:30:17:30:18":1,"s:30:37:30:Infinity":13,"f:31:8:31:9":2,"s:31:28:31:Infinity":14,"s:35:12:38:Infinity":15,"f:43:22:43:48":3,"s:44:12:44:Infinity":16,"b:45:2:45:Infinity:undefined:undefined:undefined:undefined":3,"s:45:2:45:Infinity":17,"s:45:10:45:Infinity":18,"s:47:2:57:Infinity":19,"s:48:16:48:Infinity":20,"s:49:19:49:Infinity":21,"b:50:4:50:Infinity:undefined:undefined:undefined:undefined":4,"s:50:4:50:Infinity":22,"s:50:17:50:Infinity":23,"s:53:4:53:Infinity":24,"s:55:4:55:Infinity":25,"s:56:4:56:Infinity":26,"f:63:22:63:48":4,"s:64:12:64:Infinity":27,"b:65:2:65:Infinity:undefined:undefined:undefined:undefined":5,"s:65:2:65:Infinity":28,"s:65:10:65:Infinity":29,"s:67:2:72:Infinity":30,"s:68:16:68:Infinity":31,"s:69:4:69:Infinity":32,"s:71:4:71:Infinity":33,"f:78:22:78:51":5,"s:79:12:79:Infinity":34,"b:80:2:80:Infinity:undefined:undefined:undefined:undefined":6,"s:80:2:80:Infinity":35,"s:80:10:80:Infinity":36,"s:82:2:87:Infinity":37,"s:83:16:83:Infinity":38,"s:84:4:84:Infinity":39,"s:86:4:86:Infinity":40,"f:93:22:93:39":6,"s:94:12:94:Infinity":41,"b:95:2:95:Infinity:undefined:undefined:undefined:undefined":7,"s:95:2:95:Infinity":42,"s:95:10:95:Infinity":43,"s:97:2:107:Infinity":44,"s:98:16:98:Infinity":45,"s:99:19:99:Infinity":46,"b:100:4:100:Infinity:undefined:undefined:undefined:undefined":8,"s:100:4:100:Infinity":47,"s:100:17:100:Infinity":48,"s:103:4:103:Infinity":49,"s:105:4:105:Infinity":50,"s:106:4:106:Infinity":51,"f:113:22:113:39":7,"s:114:12:114:Infinity":52,"b:115:2:115:Infinity:undefined:undefined:undefined:undefined":9,"s:115:2:115:Infinity":53,"s:115:10:115:Infinity":54,"s:117:2:122:Infinity":55,"s:118:16:118:Infinity":56,"s:119:4:119:Infinity":57,"s:121:4:121:Infinity":58,"f:128:22:128:42":8,"s:129:12:129:Infinity":59,"b:130:2:130:Infinity:undefined:undefined:undefined:undefined":10,"s:130:2:130:Infinity":60,"s:130:10:130:Infinity":61,"s:132:2:137:Infinity":62,"s:133:16:133:Infinity":63,"s:134:4:134:Infinity":64,"s:136:4:136:Infinity":65}}}
,"C:\\Users\\wyemh\\vikini\\vikini\\lib\\core\\modelRegistry.ts": {"path":"C:\\Users\\wyemh\\vikini\\vikini\\lib\\core\\modelRegistry.ts","statementMap":{"0":{"start":{"line":4,"column":29},"end":{"line":4,"column":null}},"1":{"start":{"line":14,"column":61},"end":{"line":19,"column":null}},"2":{"start":{"line":21,"column":23},"end":{"line":21,"column":null}},"3":{"start":{"line":21,"column":60},"end":{"line":21,"column":64}},"4":{"start":{"line":24,"column":20},"end":{"line":30,"column":null}},"5":{"start":{"line":35,"column":53},"end":{"line":44,"column":null}},"6":{"start":{"line":47,"column":12},"end":{"line":47,"column":null}},"7":{"start":{"line":48,"column":2},"end":{"line":48,"column":null}},"8":{"start":{"line":57,"column":14},"end":{"line":57,"column":null}},"9":{"start":{"line":58,"column":2},"end":{"line":58,"column":null}},"10":{"start":{"line":58,"column":12},"end":{"line":58,"column":null}},"11":{"start":{"line":61,"column":2},"end":{"line":63,"column":null}},"12":{"start":{"line":62,"column":4},"end":{"line":62,"column":null}},"13":{"start":{"line":66,"column":2},"end":{"line":68,"column":null}},"14":{"start":{"line":67,"column":4},"end":{"line":67,"column":null}},"15":{"start":{"line":71,"column":2},"end":{"line":71,"column":null}},"16":{"start":{"line":79,"column":21},"end":{"line":79,"column":null}},"17":{"start":{"line":81,"column":2},"end":{"line":81,"column":null}},"18":{"start":{"line":88,"column":16},"end":{"line":88,"column":null}},"19":{"start":{"line":88,"column":46},"end":{"line":88,"column":81}},"20":{"start":{"line":89,"column":2},"end":{"line":89,"column":null}}},"fnMap":{"0":{"name":"(anonymous_0)","decl":{"start":{"line":21,"column":53},"end":{"line":21,"column":54}},"loc":{"start":{"line":21,"column":60},"end":{"line":21,"column":64}},"line":21},"1":{"name":"isSelectableModelId","decl":{"start":{"line":46,"column":16},"end":{"line":46,"column":36}},"loc":{"start":{"line":46,"column":63},"end":{"line":49,"column":null}},"line":46},"2":{"name":"normalizeModelForApi","decl":{"start":{"line":56,"column":16},"end":{"line":56,"column":37}},"loc":{"start":{"line":56,"column":63},"end":{"line":72,"column":null}},"line":56},"3":{"name":"coerceStoredModel","decl":{"start":{"line":78,"column":16},"end":{"line":78,"column":34}},"loc":{"start":{"line":78,"column":60},"end":{"line":82,"column":null}},"line":78},"4":{"name":"getModelTokenLimit","decl":{"start":{"line":87,"column":16},"end":{"line":87,"column":35}},"loc":{"start":{"line":87,"column":61},"end":{"line":90,"column":null}},"line":87},"5":{"name":"(anonymous_5)","decl":{"start":{"line":88,"column":39},"end":{"line":88,"column":40}},"loc":{"start":{"line":88,"column":46},"end":{"line":88,"column":81}},"line":88}},"branchMap":{"0":{"loc":{"start":{"line":47,"column":19},"end":{"line":47,"column":32}},"type":"binary-expr","locations":[{"start":{"line":47,"column":19},"end":{"line":47,"column":30}},{"start":{"line":47,"column":30},"end":{"line":47,"column":32}}],"line":47},"1":{"loc":{"start":{"line":48,"column":9},"end":{"line":48,"column":null}},"type":"binary-expr","locations":[{"start":{"line":48,"column":9},"end":{"line":48,"column":23}},{"start":{"line":48,"column":23},"end":{"line":48,"column":null}}],"line":48},"2":{"loc":{"start":{"line":57,"column":21},"end":{"line":57,"column":34}},"type":"binary-expr","locations":[{"start":{"line":57,"column":21},"end":{"line":57,"column":32}},{"start":{"line":57,"column":32},"end":{"line":57,"column":34}}],"line":57},"3":{"loc":{"start":{"line":58,"column":2},"end":{"line":58,"column":null}},"type":"if","locations":[{"start":{"line":58,"column":2},"end":{"line":58,"column":null}},{"start":{},"end":{}}],"line":58},"4":{"loc":{"start":{"line":61,"column":2},"end":{"line":63,"column":null}},"type":"if","locations":[{"start":{"line":61,"column":2},"end":{"line":63,"column":null}},{"start":{},"end":{}}],"line":61},"5":{"loc":{"start":{"line":66,"column":2},"end":{"line":68,"column":null}},"type":"if","locations":[{"start":{"line":66,"column":2},"end":{"line":68,"column":null}},{"start":{},"end":{}}],"line":66},"6":{"loc":{"start":{"line":81,"column":9},"end":{"line":81,"column":null}},"type":"cond-expr","locations":[{"start":{"line":81,"column":43},"end":{"line":81,"column":56}},{"start":{"line":81,"column":56},"end":{"line":81,"column":null}}],"line":81},"7":{"loc":{"start":{"line":89,"column":9},"end":{"line":89,"column":null}},"type":"binary-expr","locations":[{"start":{"line":89,"column":9},"end":{"line":89,"column":30}},{"start":{"line":89,"column":30},"end":{"line":89,"column":66}},{"start":{"line":89,"column":66},"end":{"line":89,"column":null}}],"line":89}},"s":{"0":1,"1":1,"2":1,"3":4,"4":1,"5":1,"6":6,"7":6,"8":6,"9":6,"10":0,"11":6,"12":1,"13":5,"14":4,"15":1,"16":6,"17":6,"18":0,"19":0,"20":0},"f":{"0":4,"1":6,"2":6,"3":6,"4":0,"5":0},"b":{"0":[6,0],"1":[6,6],"2":[6,0],"3":[0,6],"4":[1,5],"5":[4,1],"6":[6,0],"7":[0,0,0]},"meta":{"lastBranch":8,"lastFunction":6,"lastStatement":21,"seen":{"s:4:29:4:Infinity":0,"s:14:61:19:Infinity":1,"s:21:23:21:Infinity":2,"f:21:53:21:54":0,"s:21:60:21:64":3,"s:24:20:30:Infinity":4,"s:35:53:44:Infinity":5,"f:46:16:46:36":1,"s:47:12:47:Infinity":6,"b:47:19:47:30:47:30:47:32":0,"s:48:2:48:Infinity":7,"b:48:9:48:23:48:23:48:Infinity":1,"f:56:16:56:37":2,"s:57:14:57:Infinity":8,"b:57:21:57:32:57:32:57:34":2,"b:58:2:58:Infinity:undefined:undefined:undefined:undefined":3,"s:58:2:58:Infinity":9,"s:58:12:58:Infinity":10,"b:61:2:63:Infinity:undefined:undefined:undefined:undefined":4,"s:61:2:63:Infinity":11,"s:62:4:62:Infinity":12,"b:66:2:68:Infinity:undefined:undefined:undefined:undefined":5,"s:66:2:68:Infinity":13,"s:67:4:67:Infinity":14,"s:71:2:71:Infinity":15,"f:78:16:78:34":3,"s:79:21:79:Infinity":16,"s:81:2:81:Infinity":17,"b:81:43:81:56:81:56:81:Infinity":6,"f:87:16:87:35":4,"s:88:16:88:Infinity":18,"f:88:39:88:40":5,"s:88:46:88:81":19,"s:89:2:89:Infinity":20,"b:89:9:89:30:89:30:89:66:89:66:89:Infinity":7}}}
,"C:\\Users\\wyemh\\vikini\\vikini\\lib\\core\\supabase.ts": {"path":"C:\\Users\\wyemh\\vikini\\vikini\\lib\\core\\supabase.ts","statementMap":{"0":{"start":{"line":16,"column":2},"end":{"line":19,"column":null}},"1":{"start":{"line":17,"column":14},"end":{"line":17,"column":null}},"2":{"start":{"line":18,"column":4},"end":{"line":18,"column":null}},"3":{"start":{"line":18,"column":31},"end":{"line":18,"column":null}},"4":{"start":{"line":20,"column":2},"end":{"line":20,"column":null}},"5":{"start":{"line":48,"column":14},"end":{"line":48,"column":null}},"6":{"start":{"line":49,"column":21},"end":{"line":54,"column":null}},"7":{"start":{"line":56,"column":2},"end":{"line":56,"column":null}},"8":{"start":{"line":56,"column":12},"end":{"line":56,"column":null}},"9":{"start":{"line":57,"column":2},"end":{"line":57,"column":null}},"10":{"start":{"line":57,"column":19},"end":{"line":57,"column":null}},"11":{"start":{"line":59,"column":2},"end":{"line":59,"column":null}}},"fnMap":{"0":{"name":"pickFirstEnv","decl":{"start":{"line":15,"column":9},"end":{"line":15,"column":22}},"loc":{"start":{"line":15,"column":46},"end":{"line":21,"column":null}},"line":15},"1":{"name":"getSupabaseAdmin","decl":{"start":{"line":46,"column":16},"end":{"line":46,"column":51}},"loc":{"start":{"line":46,"column":51},"end":{"line":60,"column":null}},"line":46}},"branchMap":{"0":{"loc":{"start":{"line":18,"column":4},"end":{"line":18,"column":null}},"type":"if","locations":[{"start":{"line":18,"column":4},"end":{"line":18,"column":null}},{"start":{},"end":{}}],"line":18},"1":{"loc":{"start":{"line":18,"column":8},"end":{"line":18,"column":31}},"type":"binary-expr","locations":[{"start":{"line":18,"column":8},"end":{"line":18,"column":13}},{"start":{"line":18,"column":13},"end":{"line":18,"column":31}}],"line":18},"2":{"loc":{"start":{"line":56,"column":2},"end":{"line":56,"column":null}},"type":"if","locations":[{"start":{"line":56,"column":2},"end":{"line":56,"column":null}},{"start":{},"end":{}}],"line":56},"3":{"loc":{"start":{"line":57,"column":2},"end":{"line":57,"column":null}},"type":"if","locations":[{"start":{"line":57,"column":2},"end":{"line":57,"column":null}},{"start":{},"end":{}}],"line":57}},"s":{"0":0,"1":0,"2":0,"3":0,"4":0,"5":0,"6":0,"7":0,"8":0,"9":0,"10":0,"11":0},"f":{"0":0,"1":0},"b":{"0":[0,0],"1":[0,0],"2":[0,0],"3":[0,0]},"meta":{"lastBranch":4,"lastFunction":2,"lastStatement":12,"seen":{"f:15:9:15:22":0,"s:16:2:19:Infinity":0,"s:17:14:17:Infinity":1,"b:18:4:18:Infinity:undefined:undefined:undefined:undefined":0,"s:18:4:18:Infinity":2,"b:18:8:18:13:18:13:18:31":1,"s:18:31:18:Infinity":3,"s:20:2:20:Infinity":4,"f:46:16:46:51":1,"s:48:14:48:Infinity":5,"s:49:21:54:Infinity":6,"b:56:2:56:Infinity:undefined:undefined:undefined:undefined":2,"s:56:2:56:Infinity":7,"s:56:12:56:Infinity":8,"b:57:2:57:Infinity:undefined:undefined:undefined:undefined":3,"s:57:2:57:Infinity":9,"s:57:19:57:Infinity":10,"s:59:2:59:Infinity":11}}}
,"C:\\Users\\wyemh\\vikini\\vikini\\lib\\features\\attachments\\attachments.ts": {"path":"C:\\Users\\wyemh\\vikini\\vikini\\lib\\features\\attachments\\attachments.ts","statementMap":{"0":{"start":{"line":59,"column":12},"end":{"line":59,"column":null}},"1":{"start":{"line":60,"column":2},"end":{"line":60,"column":null}},"2":{"start":{"line":64,"column":12},"end":{"line":64,"column":null}},"3":{"start":{"line":65,"column":2},"end":{"line":65,"column":null}},"4":{"start":{"line":69,"column":2},"end":{"line":84,"column":null}},"5":{"start":{"line":87,"column":27},"end":{"line":95,"column":null}},"6":{"start":{"line":97,"column":28},"end":{"line":97,"column":null}},"7":{"start":{"line":99,"column":26},"end":{"line":105,"column":null}},"8":{"start":{"line":107,"column":30},"end":{"line":107,"column":null}},"9":{"start":{"line":109,"column":21},"end":{"line":124,"column":null}},"10":{"start":{"line":127,"column":2},"end":{"line":127,"column":null}},"11":{"start":{"line":131,"column":14},"end":{"line":131,"column":null}},"12":{"start":{"line":132,"column":18},"end":{"line":136,"column":null}},"13":{"start":{"line":137,"column":2},"end":{"line":137,"column":null}},"14":{"start":{"line":141,"column":12},"end":{"line":141,"column":null}},"15":{"start":{"line":142,"column":14},"end":{"line":142,"column":null}},"16":{"start":{"line":143,"column":2},"end":{"line":143,"column":null}},"17":{"start":{"line":143,"column":18},"end":{"line":143,"column":null}},"18":{"start":{"line":144,"column":2},"end":{"line":144,"column":null}},"19":{"start":{"line":148,"column":2},"end":{"line":188,"column":null}},"20":{"start":{"line":149,"column":16},"end":{"line":149,"column":null}},"21":{"start":{"line":150,"column":4},"end":{"line":150,"column":null}},"22":{"start":{"line":150,"column":25},"end":{"line":150,"column":null}},"23":{"start":{"line":153,"column":4},"end":{"line":164,"column":null}},"24":{"start":{"line":163,"column":6},"end":{"line":163,"column":null}},"25":{"start":{"line":167,"column":4},"end":{"line":169,"column":null}},"26":{"start":{"line":168,"column":6},"end":{"line":168,"column":null}},"27":{"start":{"line":172,"column":4},"end":{"line":183,"column":null}},"28":{"start":{"line":182,"column":6},"end":{"line":182,"column":null}},"29":{"start":{"line":185,"column":4},"end":{"line":185,"column":null}},"30":{"start":{"line":187,"column":4},"end":{"line":187,"column":null}},"31":{"start":{"line":201,"column":2},"end":{"line":257,"column":null}},"32":{"start":{"line":202,"column":16},"end":{"line":202,"column":null}},"33":{"start":{"line":205,"column":4},"end":{"line":205,"column":null}},"34":{"start":{"line":205,"column":24},"end":{"line":205,"column":null}},"35":{"start":{"line":207,"column":24},"end":{"line":207,"column":null}},"36":{"start":{"line":211,"column":4},"end":{"line":214,"column":null}},"37":{"start":{"line":213,"column":6},"end":{"line":213,"column":null}},"38":{"start":{"line":217,"column":4},"end":{"line":229,"column":null}},"39":{"start":{"line":219,"column":6},"end":{"line":227,"column":null}},"40":{"start":{"line":231,"column":4},"end":{"line":234,"column":null}},"41":{"start":{"line":233,"column":6},"end":{"line":233,"column":null}},"42":{"start":{"line":236,"column":4},"end":{"line":249,"column":null}},"43":{"start":{"line":238,"column":6},"end":{"line":238,"column":null}},"44":{"start":{"line":238,"column":27},"end":{"line":238,"column":null}},"45":{"start":{"line":239,"column":6},"end":{"line":247,"column":null}},"46":{"start":{"line":253,"column":4},"end":{"line":253,"column":null}},"47":{"start":{"line":256,"column":4},"end":{"line":256,"column":null}},"48":{"start":{"line":266,"column":14},"end":{"line":266,"column":null}},"49":{"start":{"line":267,"column":2},"end":{"line":267,"column":null}},"50":{"start":{"line":267,"column":13},"end":{"line":267,"column":null}},"51":{"start":{"line":269,"column":19},"end":{"line":269,"column":null}},"52":{"start":{"line":270,"column":14},"end":{"line":270,"column":null}},"53":{"start":{"line":271,"column":2},"end":{"line":271,"column":null}},"54":{"start":{"line":271,"column":30},"end":{"line":271,"column":null}},"55":{"start":{"line":273,"column":15},"end":{"line":273,"column":null}},"56":{"start":{"line":274,"column":15},"end":{"line":274,"column":null}},"57":{"start":{"line":276,"column":20},"end":{"line":276,"column":null}},"58":{"start":{"line":277,"column":21},"end":{"line":277,"column":null}},"59":{"start":{"line":278,"column":19},"end":{"line":278,"column":null}},"60":{"start":{"line":279,"column":19},"end":{"line":279,"column":null}},"61":{"start":{"line":281,"column":2},"end":{"line":288,"column":null}},"62":{"start":{"line":282,"column":4},"end":{"line":282,"column":null}},"63":{"start":{"line":282,"column":33},"end":{"line":282,"column":null}},"64":{"start":{"line":283,"column":4},"end":{"line":285,"column":null}},"65":{"start":{"line":284,"column":6},"end":{"line":284,"column":null}},"66":{"start":{"line":286,"column":28},"end":{"line":286,"column":null}},"67":{"start":{"line":287,"column":4},"end":{"line":287,"column":null}},"68":{"start":{"line":290,"column":2},"end":{"line":304,"column":null}},"69":{"start":{"line":291,"column":4},"end":{"line":291,"column":null}},"70":{"start":{"line":291,"column":34},"end":{"line":291,"column":null}},"71":{"start":{"line":293,"column":20},"end":{"line":293,"column":null}},"72":{"start":{"line":294,"column":26},"end":{"line":294,"column":null}},"73":{"start":{"line":295,"column":4},"end":{"line":295,"column":null}},"74":{"start":{"line":295,"column":49},"end":{"line":295,"column":null}},"75":{"start":{"line":298,"column":25},"end":{"line":298,"column":null}},"76":{"start":{"line":299,"column":4},"end":{"line":301,"column":null}},"77":{"start":{"line":300,"column":6},"end":{"line":300,"column":null}},"78":{"start":{"line":303,"column":4},"end":{"line":303,"column":null}},"79":{"start":{"line":306,"column":2},"end":{"line":326,"column":null}},"80":{"start":{"line":307,"column":4},"end":{"line":307,"column":null}},"81":{"start":{"line":307,"column":32},"end":{"line":307,"column":null}},"82":{"start":{"line":308,"column":4},"end":{"line":310,"column":null}},"83":{"start":{"line":309,"column":6},"end":{"line":309,"column":null}},"84":{"start":{"line":313,"column":6},"end":{"line":323,"column":null}},"85":{"start":{"line":325,"column":4},"end":{"line":325,"column":null}},"86":{"start":{"line":328,"column":2},"end":{"line":336,"column":null}},"87":{"start":{"line":329,"column":4},"end":{"line":329,"column":null}},"88":{"start":{"line":329,"column":32},"end":{"line":329,"column":null}},"89":{"start":{"line":330,"column":4},"end":{"line":332,"column":null}},"90":{"start":{"line":331,"column":6},"end":{"line":331,"column":null}},"91":{"start":{"line":333,"column":27},"end":{"line":333,"column":null}},"92":{"start":{"line":334,"column":26},"end":{"line":334,"column":null}},"93":{"start":{"line":335,"column":4},"end":{"line":335,"column":null}},"94":{"start":{"line":338,"column":2},"end":{"line":338,"column":null}},"95":{"start":{"line":354,"column":14},"end":{"line":354,"column":null}},"96":{"start":{"line":355,"column":16},"end":{"line":355,"column":null}},"97":{"start":{"line":357,"column":32},"end":{"line":361,"column":null}},"98":{"start":{"line":363,"column":2},"end":{"line":363,"column":null}},"99":{"start":{"line":363,"column":13},"end":{"line":363,"column":null}},"100":{"start":{"line":365,"column":8},"end":{"line":369,"column":null}},"101":{"start":{"line":366,"column":16},"end":{"line":366,"column":null}},"102":{"start":{"line":367,"column":16},"end":{"line":367,"column":null}},"103":{"start":{"line":368,"column":4},"end":{"line":368,"column":null}},"104":{"start":{"line":371,"column":16},"end":{"line":371,"column":null}},"105":{"start":{"line":372,"column":16},"end":{"line":375,"column":null}},"106":{"start":{"line":373,"column":16},"end":{"line":373,"column":null}},"107":{"start":{"line":374,"column":4},"end":{"line":374,"column":null}},"108":{"start":{"line":377,"column":2},"end":{"line":379,"column":null}},"109":{"start":{"line":378,"column":4},"end":{"line":378,"column":null}},"110":{"start":{"line":381,"column":2},"end":{"line":383,"column":null}},"111":{"start":{"line":382,"column":4},"end":{"line":382,"column":null}},"112":{"start":{"line":395,"column":8},"end":{"line":395,"column":null}},"113":{"start":{"line":397,"column":26},"end":{"line":402,"column":null}},"114":{"start":{"line":404,"column":2},"end":{"line":404,"column":null}},"115":{"start":{"line":404,"column":13},"end":{"line":404,"column":null}},"116":{"start":{"line":405,"column":2},"end":{"line":405,"column":null}},"117":{"start":{"line":414,"column":8},"end":{"line":414,"column":null}},"118":{"start":{"line":416,"column":26},"end":{"line":421,"column":null}},"119":{"start":{"line":423,"column":2},"end":{"line":423,"column":null}},"120":{"start":{"line":423,"column":13},"end":{"line":423,"column":null}},"121":{"start":{"line":424,"column":2},"end":{"line":424,"column":null}},"122":{"start":{"line":424,"column":13},"end":{"line":424,"column":null}},"123":{"start":{"line":425,"column":2},"end":{"line":425,"column":null}},"124":{"start":{"line":443,"column":8},"end":{"line":443,"column":null}},"125":{"start":{"line":444,"column":14},"end":{"line":444,"column":null}},"126":{"start":{"line":446,"column":12},"end":{"line":446,"column":null}},"127":{"start":{"line":448,"column":2},"end":{"line":448,"column":null}},"128":{"start":{"line":450,"column":21},"end":{"line":450,"column":null}},"129":{"start":{"line":451,"column":22},"end":{"line":451,"column":null}},"130":{"start":{"line":452,"column":20},"end":{"line":452,"column":null}},"131":{"start":{"line":454,"column":16},"end":{"line":454,"column":null}},"132":{"start":{"line":456,"column":13},"end":{"line":459,"column":null}},"133":{"start":{"line":461,"column":2},"end":{"line":461,"column":null}},"134":{"start":{"line":461,"column":16},"end":{"line":461,"column":null}},"135":{"start":{"line":463,"column":14},"end":{"line":477,"column":null}},"136":{"start":{"line":479,"column":2},"end":{"line":486,"column":null}},"137":{"start":{"line":480,"column":4},"end":{"line":484,"column":null}},"138":{"start":{"line":481,"column":6},"end":{"line":481,"column":null}},"139":{"start":{"line":485,"column":4},"end":{"line":485,"column":null}},"140":{"start":{"line":488,"column":2},"end":{"line":488,"column":null}},"141":{"start":{"line":497,"column":8},"end":{"line":497,"column":null}},"142":{"start":{"line":498,"column":14},"end":{"line":498,"column":null}},"143":{"start":{"line":500,"column":18},"end":{"line":500,"column":null}},"144":{"start":{"line":501,"column":18},"end":{"line":501,"column":null}},"145":{"start":{"line":503,"column":26},"end":{"line":503,"column":null}},"146":{"start":{"line":504,"column":2},"end":{"line":504,"column":null}},"147":{"start":{"line":504,"column":13},"end":{"line":504,"column":null}},"148":{"start":{"line":505,"column":2},"end":{"line":505,"column":null}},"149":{"start":{"line":505,"column":24},"end":{"line":505,"column":null}},"150":{"start":{"line":507,"column":2},"end":{"line":512,"column":null}},"151":{"start":{"line":516,"column":8},"end":{"line":516,"column":null}},"152":{"start":{"line":517,"column":14},"end":{"line":517,"column":null}},"153":{"start":{"line":518,"column":18},"end":{"line":518,"column":null}},"154":{"start":{"line":520,"column":26},"end":{"line":520,"column":null}},"155":{"start":{"line":521,"column":2},"end":{"line":521,"column":null}},"156":{"start":{"line":521,"column":13},"end":{"line":521,"column":null}},"157":{"start":{"line":522,"column":2},"end":{"line":522,"column":null}},"158":{"start":{"line":522,"column":13},"end":{"line":522,"column":null}},"159":{"start":{"line":524,"column":16},"end":{"line":524,"column":null}},"160":{"start":{"line":525,"column":2},"end":{"line":525,"column":null}},"161":{"start":{"line":529,"column":8},"end":{"line":529,"column":null}},"162":{"start":{"line":530,"column":14},"end":{"line":530,"column":null}},"163":{"start":{"line":531,"column":18},"end":{"line":531,"column":null}},"164":{"start":{"line":533,"column":13},"end":{"line":533,"column":null}},"165":{"start":{"line":534,"column":2},"end":{"line":534,"column":null}},"166":{"start":{"line":534,"column":16},"end":{"line":534,"column":null}},"167":{"start":{"line":536,"column":14},"end":{"line":536,"column":null}},"168":{"start":{"line":537,"column":2},"end":{"line":537,"column":null}},"169":{"start":{"line":537,"column":17},"end":{"line":537,"column":null}},"170":{"start":{"line":539,"column":2},"end":{"line":539,"column":null}},"171":{"start":{"line":551,"column":8},"end":{"line":551,"column":null}},"172":{"start":{"line":553,"column":32},"end":{"line":557,"column":null}},"173":{"start":{"line":559,"column":2},"end":{"line":559,"column":null}},"174":{"start":{"line":559,"column":13},"end":{"line":559,"column":null}},"175":{"start":{"line":561,"column":19},"end":{"line":561,"column":null}},"176":{"start":{"line":562,"column":2},"end":{"line":568,"column":null}},"177":{"start":{"line":563,"column":16},"end":{"line":563,"column":null}},"178":{"start":{"line":564,"column":20},"end":{"line":564,"column":null}},"179":{"start":{"line":565,"column":16},"end":{"line":565,"column":null}},"180":{"start":{"line":566,"column":4},"end":{"line":566,"column":null}},"181":{"start":{"line":566,"column":27},"end":{"line":566,"column":null}},"182":{"start":{"line":567,"column":4},"end":{"line":567,"column":null}},"183":{"start":{"line":570,"column":2},"end":{"line":574,"column":null}},"184":{"start":{"line":571,"column":4},"end":{"line":571,"column":null}},"185":{"start":{"line":571,"column":23},"end":{"line":571,"column":null}},"186":{"start":{"line":572,"column":15},"end":{"line":572,"column":null}},"187":{"start":{"line":573,"column":4},"end":{"line":573,"column":null}},"188":{"start":{"line":573,"column":18},"end":{"line":573,"column":null}},"189":{"start":{"line":576,"column":14},"end":{"line":580,"column":null}},"190":{"start":{"line":582,"column":2},"end":{"line":582,"column":null}},"191":{"start":{"line":582,"column":17},"end":{"line":582,"column":null}},"192":{"start":{"line":584,"column":2},"end":{"line":584,"column":null}}},"fnMap":{"0":{"name":"toInt","decl":{"start":{"line":58,"column":9},"end":{"line":58,"column":15}},"loc":{"start":{"line":58,"column":53},"end":{"line":61,"column":null}},"line":58},"1":{"name":"toBytes","decl":{"start":{"line":63,"column":9},"end":{"line":63,"column":17}},"loc":{"start":{"line":63,"column":55},"end":{"line":66,"column":null}},"line":63},"2":{"name":"getAttachmentsConfig","decl":{"start":{"line":68,"column":16},"end":{"line":68,"column":58}},"loc":{"start":{"line":68,"column":58},"end":{"line":85,"column":null}},"line":68},"3":{"name":"safeLower","decl":{"start":{"line":126,"column":9},"end":{"line":126,"column":19}},"loc":{"start":{"line":126,"column":39},"end":{"line":128,"column":null}},"line":126},"4":{"name":"sanitizeFilename","decl":{"start":{"line":130,"column":16},"end":{"line":130,"column":33}},"loc":{"start":{"line":130,"column":56},"end":{"line":138,"column":null}},"line":130},"5":{"name":"getExt","decl":{"start":{"line":140,"column":9},"end":{"line":140,"column":16}},"loc":{"start":{"line":140,"column":42},"end":{"line":145,"column":null}},"line":140},"6":{"name":"sniffImageMime","decl":{"start":{"line":147,"column":15},"end":{"line":147,"column":30}},"loc":{"start":{"line":147,"column":59},"end":{"line":189,"column":null}},"line":147},"7":{"name":"validateImageContent","decl":{"start":{"line":200,"column":15},"end":{"line":200,"column":36}},"loc":{"start":{"line":200,"column":88},"end":{"line":258,"column":null}},"line":200},"8":{"name":"validateUpload","decl":{"start":{"line":265,"column":22},"end":{"line":265,"column":37}},"loc":{"start":{"line":265,"column":110},"end":{"line":339,"column":null}},"line":265},"9":{"name":"enforceConversationQuotas","decl":{"start":{"line":348,"column":22},"end":{"line":348,"column":48}},"loc":{"start":{"line":353,"column":39},"end":{"line":384,"column":null}},"line":353},"10":{"name":"(anonymous_10)","decl":{"start":{"line":365,"column":36},"end":{"line":365,"column":37}},"loc":{"start":{"line":365,"column":43},"end":{"line":369,"column":3}},"line":365},"11":{"name":"(anonymous_11)","decl":{"start":{"line":372,"column":29},"end":{"line":372,"column":30}},"loc":{"start":{"line":372,"column":41},"end":{"line":375,"column":5}},"line":372},"12":{"name":"listAttachmentsForConversation","decl":{"start":{"line":391,"column":22},"end":{"line":391,"column":53}},"loc":{"start":{"line":394,"column":52},"end":{"line":406,"column":null}},"line":394},"13":{"name":"getAttachmentById","decl":{"start":{"line":413,"column":22},"end":{"line":413,"column":40}},"loc":{"start":{"line":413,"column":101},"end":{"line":426,"column":null}},"line":413},"14":{"name":"uploadAttachment","decl":{"start":{"line":436,"column":22},"end":{"line":436,"column":39}},"loc":{"start":{"line":442,"column":51},"end":{"line":489,"column":null}},"line":442},"15":{"name":"createSignedUrlForAttachmentId","decl":{"start":{"line":496,"column":22},"end":{"line":496,"column":53}},"loc":{"start":{"line":496,"column":118},"end":{"line":513,"column":null}},"line":496},"16":{"name":"downloadAttachmentBytes","decl":{"start":{"line":515,"column":22},"end":{"line":515,"column":46}},"loc":{"start":{"line":515,"column":115},"end":{"line":526,"column":null}},"line":515},"17":{"name":"deleteAttachmentById","decl":{"start":{"line":528,"column":22},"end":{"line":528,"column":43}},"loc":{"start":{"line":528,"column":106},"end":{"line":540,"column":null}},"line":528},"18":{"name":"deleteAttachmentsByConversation","decl":{"start":{"line":547,"column":22},"end":{"line":547,"column":54}},"loc":{"start":{"line":550,"column":74},"end":{"line":585,"column":null}},"line":550}},"branchMap":{"0":{"loc":{"start":{"line":60,"column":9},"end":{"line":60,"column":null}},"type":"cond-expr","locations":[{"start":{"line":60,"column":39},"end":{"line":60,"column":55}},{"start":{"line":60,"column":55},"end":{"line":60,"column":null}}],"line":60},"1":{"loc":{"start":{"line":60,"column":9},"end":{"line":60,"column":39}},"type":"binary-expr","locations":[{"start":{"line":60,"column":9},"end":{"line":60,"column":31}},{"start":{"line":60,"column":31},"end":{"line":60,"column":39}}],"line":60},"2":{"loc":{"start":{"line":65,"column":9},"end":{"line":65,"column":null}},"type":"cond-expr","locations":[{"start":{"line":65,"column":39},"end":{"line":65,"column":55}},{"start":{"line":65,"column":55},"end":{"line":65,"column":null}}],"line":65},"3":{"loc":{"start":{"line":65,"column":9},"end":{"line":65,"column":39}},"type":"binary-expr","locations":[{"start":{"line":65,"column":9},"end":{"line":65,"column":31}},{"start":{"line":65,"column":31},"end":{"line":65,"column":39}}],"line":65},"4":{"loc":{"start":{"line":70,"column":4},"end":{"line":70,"column":null}},"type":"binary-expr","locations":[{"start":{"line":70,"column":4},"end":{"line":70,"column":83}},{"start":{"line":70,"column":83},"end":{"line":70,"column":null}}],"line":70},"5":{"loc":{"start":{"line":127,"column":16},"end":{"line":127,"column":23}},"type":"binary-expr","locations":[{"start":{"line":127,"column":16},"end":{"line":127,"column":21}},{"start":{"line":127,"column":21},"end":{"line":127,"column":23}}],"line":127},"6":{"loc":{"start":{"line":131,"column":21},"end":{"line":131,"column":35}},"type":"binary-expr","locations":[{"start":{"line":131,"column":21},"end":{"line":131,"column":29}},{"start":{"line":131,"column":29},"end":{"line":131,"column":35}}],"line":131},"7":{"loc":{"start":{"line":137,"column":9},"end":{"line":137,"column":null}},"type":"binary-expr","locations":[{"start":{"line":137,"column":9},"end":{"line":137,"column":20}},{"start":{"line":137,"column":20},"end":{"line":137,"column":null}}],"line":137},"8":{"loc":{"start":{"line":143,"column":2},"end":{"line":143,"column":null}},"type":"if","locations":[{"start":{"line":143,"column":2},"end":{"line":143,"column":null}},{"start":{},"end":{}}],"line":143},"9":{"loc":{"start":{"line":150,"column":4},"end":{"line":150,"column":null}},"type":"if","locations":[{"start":{"line":150,"column":4},"end":{"line":150,"column":null}},{"start":{},"end":{}}],"line":150},"10":{"loc":{"start":{"line":153,"column":4},"end":{"line":164,"column":null}},"type":"if","locations":[{"start":{"line":153,"column":4},"end":{"line":164,"column":null}},{"start":{},"end":{}}],"line":153},"11":{"loc":{"start":{"line":154,"column":6},"end":{"line":161,"column":null}},"type":"binary-expr","locations":[{"start":{"line":154,"column":6},"end":{"line":154,"column":null}},{"start":{"line":155,"column":6},"end":{"line":155,"column":null}},{"start":{"line":156,"column":6},"end":{"line":156,"column":null}},{"start":{"line":157,"column":6},"end":{"line":157,"column":null}},{"start":{"line":158,"column":6},"end":{"line":158,"column":null}},{"start":{"line":159,"column":6},"end":{"line":159,"column":null}},{"start":{"line":160,"column":6},"end":{"line":160,"column":null}},{"start":{"line":161,"column":6},"end":{"line":161,"column":null}}],"line":154},"12":{"loc":{"start":{"line":167,"column":4},"end":{"line":169,"column":null}},"type":"if","locations":[{"start":{"line":167,"column":4},"end":{"line":169,"column":null}},{"start":{},"end":{}}],"line":167},"13":{"loc":{"start":{"line":167,"column":8},"end":{"line":167,"column":63}},"type":"binary-expr","locations":[{"start":{"line":167,"column":8},"end":{"line":167,"column":27}},{"start":{"line":167,"column":27},"end":{"line":167,"column":46}},{"start":{"line":167,"column":46},"end":{"line":167,"column":63}}],"line":167},"14":{"loc":{"start":{"line":172,"column":4},"end":{"line":183,"column":null}},"type":"if","locations":[{"start":{"line":172,"column":4},"end":{"line":183,"column":null}},{"start":{},"end":{}}],"line":172},"15":{"loc":{"start":{"line":173,"column":6},"end":{"line":180,"column":null}},"type":"binary-expr","locations":[{"start":{"line":173,"column":6},"end":{"line":173,"column":null}},{"start":{"line":174,"column":6},"end":{"line":174,"column":null}},{"start":{"line":175,"column":6},"end":{"line":175,"column":null}},{"start":{"line":176,"column":6},"end":{"line":176,"column":null}},{"start":{"line":177,"column":6},"end":{"line":177,"column":null}},{"start":{"line":178,"column":6},"end":{"line":178,"column":null}},{"start":{"line":179,"column":6},"end":{"line":179,"column":null}},{"start":{"line":180,"column":6},"end":{"line":180,"column":null}}],"line":173},"16":{"loc":{"start":{"line":205,"column":4},"end":{"line":205,"column":null}},"type":"if","locations":[{"start":{"line":205,"column":4},"end":{"line":205,"column":null}},{"start":{},"end":{}}],"line":205},"17":{"loc":{"start":{"line":211,"column":4},"end":{"line":214,"column":null}},"type":"if","locations":[{"start":{"line":211,"column":4},"end":{"line":214,"column":null}},{"start":{},"end":{}}],"line":211},"18":{"loc":{"start":{"line":213,"column":13},"end":{"line":213,"column":null}},"type":"binary-expr","locations":[{"start":{"line":213,"column":13},"end":{"line":213,"column":45}},{"start":{"line":213,"column":45},"end":{"line":213,"column":null}}],"line":213},"19":{"loc":{"start":{"line":217,"column":4},"end":{"line":229,"column":null}},"type":"if","locations":[{"start":{"line":217,"column":4},"end":{"line":229,"column":null}},{"start":{},"end":{}}],"line":217},"20":{"loc":{"start":{"line":220,"column":8},"end":{"line":227,"column":null}},"type":"binary-expr","locations":[{"start":{"line":220,"column":8},"end":{"line":220,"column":null}},{"start":{"line":221,"column":8},"end":{"line":221,"column":null}},{"start":{"line":222,"column":8},"end":{"line":222,"column":null}},{"start":{"line":223,"column":8},"end":{"line":223,"column":null}},{"start":{"line":224,"column":8},"end":{"line":224,"column":null}},{"start":{"line":225,"column":8},"end":{"line":225,"column":null}},{"start":{"line":226,"column":8},"end":{"line":226,"column":null}},{"start":{"line":227,"column":8},"end":{"line":227,"column":null}}],"line":220},"21":{"loc":{"start":{"line":231,"column":4},"end":{"line":234,"column":null}},"type":"if","locations":[{"start":{"line":231,"column":4},"end":{"line":234,"column":null}},{"start":{},"end":{}}],"line":231},"22":{"loc":{"start":{"line":233,"column":13},"end":{"line":233,"column":null}},"type":"binary-expr","locations":[{"start":{"line":233,"column":13},"end":{"line":233,"column":32}},{"start":{"line":233,"column":32},"end":{"line":233,"column":51}},{"start":{"line":233,"column":51},"end":{"line":233,"column":null}}],"line":233},"23":{"loc":{"start":{"line":236,"column":4},"end":{"line":249,"column":null}},"type":"if","locations":[{"start":{"line":236,"column":4},"end":{"line":249,"column":null}},{"start":{},"end":{}}],"line":236},"24":{"loc":{"start":{"line":238,"column":6},"end":{"line":238,"column":null}},"type":"if","locations":[{"start":{"line":238,"column":6},"end":{"line":238,"column":null}},{"start":{},"end":{}}],"line":238},"25":{"loc":{"start":{"line":240,"column":8},"end":{"line":247,"column":null}},"type":"binary-expr","locations":[{"start":{"line":240,"column":8},"end":{"line":240,"column":null}},{"start":{"line":241,"column":8},"end":{"line":241,"column":null}},{"start":{"line":242,"column":8},"end":{"line":242,"column":null}},{"start":{"line":243,"column":8},"end":{"line":243,"column":null}},{"start":{"line":244,"column":8},"end":{"line":244,"column":null}},{"start":{"line":245,"column":8},"end":{"line":245,"column":null}},{"start":{"line":246,"column":8},"end":{"line":246,"column":null}},{"start":{"line":247,"column":8},"end":{"line":247,"column":null}}],"line":240},"26":{"loc":{"start":{"line":267,"column":2},"end":{"line":267,"column":null}},"type":"if","locations":[{"start":{"line":267,"column":2},"end":{"line":267,"column":null}},{"start":{},"end":{}}],"line":267},"27":{"loc":{"start":{"line":269,"column":36},"end":{"line":269,"column":67}},"type":"binary-expr","locations":[{"start":{"line":269,"column":36},"end":{"line":269,"column":48}},{"start":{"line":269,"column":48},"end":{"line":269,"column":61}},{"start":{"line":269,"column":61},"end":{"line":269,"column":67}}],"line":269},"28":{"loc":{"start":{"line":271,"column":2},"end":{"line":271,"column":null}},"type":"if","locations":[{"start":{"line":271,"column":2},"end":{"line":271,"column":null}},{"start":{},"end":{}}],"line":271},"29":{"loc":{"start":{"line":273,"column":25},"end":{"line":273,"column":40}},"type":"binary-expr","locations":[{"start":{"line":273,"column":25},"end":{"line":273,"column":38}},{"start":{"line":273,"column":38},"end":{"line":273,"column":40}}],"line":273},"30":{"loc":{"start":{"line":274,"column":22},"end":{"line":274,"column":36}},"type":"binary-expr","locations":[{"start":{"line":274,"column":22},"end":{"line":274,"column":35}},{"start":{"line":274,"column":35},"end":{"line":274,"column":36}}],"line":274},"31":{"loc":{"start":{"line":281,"column":2},"end":{"line":288,"column":null}},"type":"if","locations":[{"start":{"line":281,"column":2},"end":{"line":288,"column":null}},{"start":{},"end":{}}],"line":281},"32":{"loc":{"start":{"line":282,"column":4},"end":{"line":282,"column":null}},"type":"if","locations":[{"start":{"line":282,"column":4},"end":{"line":282,"column":null}},{"start":{},"end":{}}],"line":282},"33":{"loc":{"start":{"line":283,"column":4},"end":{"line":285,"column":null}},"type":"if","locations":[{"start":{"line":283,"column":4},"end":{"line":285,"column":null}},{"start":{},"end":{}}],"line":283},"34":{"loc":{"start":{"line":283,"column":8},"end":{"line":283,"column":86}},"type":"binary-expr","locations":[{"start":{"line":283,"column":8},"end":{"line":283,"column":16}},{"start":{"line":283,"column":16},"end":{"line":283,"column":49}},{"start":{"line":283,"column":49},"end":{"line":283,"column":86}}],"line":283},"35":{"loc":{"start":{"line":286,"column":28},"end":{"line":286,"column":null}},"type":"cond-expr","locations":[{"start":{"line":286,"column":45},"end":{"line":286,"column":66}},{"start":{"line":286,"column":66},"end":{"line":286,"column":null}}],"line":286},"36":{"loc":{"start":{"line":287,"column":58},"end":{"line":287,"column":83}},"type":"binary-expr","locations":[{"start":{"line":287,"column":58},"end":{"line":287,"column":66}},{"start":{"line":287,"column":66},"end":{"line":287,"column":83}}],"line":287},"37":{"loc":{"start":{"line":290,"column":2},"end":{"line":304,"column":null}},"type":"if","locations":[{"start":{"line":290,"column":2},"end":{"line":304,"column":null}},{"start":{},"end":{}}],"line":290},"38":{"loc":{"start":{"line":291,"column":4},"end":{"line":291,"column":null}},"type":"if","locations":[{"start":{"line":291,"column":4},"end":{"line":291,"column":null}},{"start":{},"end":{}}],"line":291},"39":{"loc":{"start":{"line":294,"column":26},"end":{"line":294,"column":null}},"type":"binary-expr","locations":[{"start":{"line":294,"column":26},"end":{"line":294,"column":37}},{"start":{"line":294,"column":37},"end":{"line":294,"column":null}}],"line":294},"40":{"loc":{"start":{"line":295,"column":4},"end":{"line":295,"column":null}},"type":"if","locations":[{"start":{"line":295,"column":4},"end":{"line":295,"column":null}},{"start":{},"end":{}}],"line":295},"41":{"loc":{"start":{"line":299,"column":4},"end":{"line":301,"column":null}},"type":"if","locations":[{"start":{"line":299,"column":4},"end":{"line":301,"column":null}},{"start":{},"end":{}}],"line":299},"42":{"loc":{"start":{"line":306,"column":2},"end":{"line":326,"column":null}},"type":"if","locations":[{"start":{"line":306,"column":2},"end":{"line":326,"column":null}},{"start":{},"end":{}}],"line":306},"43":{"loc":{"start":{"line":307,"column":4},"end":{"line":307,"column":null}},"type":"if","locations":[{"start":{"line":307,"column":4},"end":{"line":307,"column":null}},{"start":{},"end":{}}],"line":307},"44":{"loc":{"start":{"line":308,"column":4},"end":{"line":310,"column":null}},"type":"if","locations":[{"start":{"line":308,"column":4},"end":{"line":310,"column":null}},{"start":{},"end":{}}],"line":308},"45":{"loc":{"start":{"line":308,"column":8},"end":{"line":308,"column":85}},"type":"binary-expr","locations":[{"start":{"line":308,"column":8},"end":{"line":308,"column":16}},{"start":{"line":308,"column":16},"end":{"line":308,"column":48}},{"start":{"line":308,"column":48},"end":{"line":308,"column":85}}],"line":308},"46":{"loc":{"start":{"line":313,"column":6},"end":{"line":323,"column":null}},"type":"cond-expr","locations":[{"start":{"line":314,"column":10},"end":{"line":314,"column":null}},{"start":{"line":315,"column":10},"end":{"line":323,"column":null}}],"line":313},"47":{"loc":{"start":{"line":315,"column":10},"end":{"line":323,"column":null}},"type":"cond-expr","locations":[{"start":{"line":316,"column":12},"end":{"line":316,"column":null}},{"start":{"line":317,"column":12},"end":{"line":323,"column":null}}],"line":315},"48":{"loc":{"start":{"line":317,"column":12},"end":{"line":323,"column":null}},"type":"cond-expr","locations":[{"start":{"line":318,"column":14},"end":{"line":318,"column":null}},{"start":{"line":319,"column":14},"end":{"line":323,"column":null}}],"line":317},"49":{"loc":{"start":{"line":319,"column":14},"end":{"line":323,"column":null}},"type":"cond-expr","locations":[{"start":{"line":320,"column":16},"end":{"line":320,"column":null}},{"start":{"line":321,"column":16},"end":{"line":323,"column":null}}],"line":319},"50":{"loc":{"start":{"line":321,"column":16},"end":{"line":323,"column":null}},"type":"cond-expr","locations":[{"start":{"line":322,"column":18},"end":{"line":322,"column":null}},{"start":{"line":323,"column":18},"end":{"line":323,"column":null}}],"line":321},"51":{"loc":{"start":{"line":325,"column":57},"end":{"line":325,"column":81}},"type":"binary-expr","locations":[{"start":{"line":325,"column":57},"end":{"line":325,"column":65}},{"start":{"line":325,"column":65},"end":{"line":325,"column":81}}],"line":325},"52":{"loc":{"start":{"line":328,"column":2},"end":{"line":336,"column":null}},"type":"if","locations":[{"start":{"line":328,"column":2},"end":{"line":336,"column":null}},{"start":{},"end":{}}],"line":328},"53":{"loc":{"start":{"line":329,"column":4},"end":{"line":329,"column":null}},"type":"if","locations":[{"start":{"line":329,"column":4},"end":{"line":329,"column":null}},{"start":{},"end":{}}],"line":329},"54":{"loc":{"start":{"line":330,"column":4},"end":{"line":332,"column":null}},"type":"if","locations":[{"start":{"line":330,"column":4},"end":{"line":332,"column":null}},{"start":{},"end":{}}],"line":330},"55":{"loc":{"start":{"line":330,"column":8},"end":{"line":330,"column":89}},"type":"binary-expr","locations":[{"start":{"line":330,"column":8},"end":{"line":330,"column":16}},{"start":{"line":330,"column":16},"end":{"line":330,"column":52}},{"start":{"line":330,"column":52},"end":{"line":330,"column":89}}],"line":330},"56":{"loc":{"start":{"line":334,"column":26},"end":{"line":334,"column":null}},"type":"cond-expr","locations":[{"start":{"line":334,"column":64},"end":{"line":334,"column":69}},{"start":{"line":334,"column":69},"end":{"line":334,"column":null}}],"line":334},"57":{"loc":{"start":{"line":335,"column":57},"end":{"line":335,"column":90}},"type":"binary-expr","locations":[{"start":{"line":335,"column":57},"end":{"line":335,"column":74}},{"start":{"line":335,"column":74},"end":{"line":335,"column":90}}],"line":335},"58":{"loc":{"start":{"line":363,"column":2},"end":{"line":363,"column":null}},"type":"if","locations":[{"start":{"line":363,"column":2},"end":{"line":363,"column":null}},{"start":{},"end":{}}],"line":363},"59":{"loc":{"start":{"line":365,"column":17},"end":{"line":365,"column":29}},"type":"binary-expr","locations":[{"start":{"line":365,"column":17},"end":{"line":365,"column":25}},{"start":{"line":365,"column":25},"end":{"line":365,"column":29}}],"line":365},"60":{"loc":{"start":{"line":367,"column":16},"end":{"line":367,"column":null}},"type":"cond-expr","locations":[{"start":{"line":367,"column":34},"end":{"line":367,"column":63}},{"start":{"line":367,"column":63},"end":{"line":367,"column":null}}],"line":367},"61":{"loc":{"start":{"line":368,"column":11},"end":{"line":368,"column":null}},"type":"cond-expr","locations":[{"start":{"line":368,"column":34},"end":{"line":368,"column":48}},{"start":{"line":368,"column":48},"end":{"line":368,"column":null}}],"line":368},"62":{"loc":{"start":{"line":374,"column":24},"end":{"line":374,"column":44}},"type":"binary-expr","locations":[{"start":{"line":374,"column":24},"end":{"line":374,"column":43}},{"start":{"line":374,"column":43},"end":{"line":374,"column":44}}],"line":374},"63":{"loc":{"start":{"line":377,"column":2},"end":{"line":379,"column":null}},"type":"if","locations":[{"start":{"line":377,"column":2},"end":{"line":379,"column":null}},{"start":{},"end":{}}],"line":377},"64":{"loc":{"start":{"line":381,"column":2},"end":{"line":383,"column":null}},"type":"if","locations":[{"start":{"line":381,"column":2},"end":{"line":383,"column":null}},{"start":{},"end":{}}],"line":381},"65":{"loc":{"start":{"line":381,"column":21},"end":{"line":381,"column":34}},"type":"binary-expr","locations":[{"start":{"line":381,"column":21},"end":{"line":381,"column":33}},{"start":{"line":381,"column":33},"end":{"line":381,"column":34}}],"line":381},"66":{"loc":{"start":{"line":404,"column":2},"end":{"line":404,"column":null}},"type":"if","locations":[{"start":{"line":404,"column":2},"end":{"line":404,"column":null}},{"start":{},"end":{}}],"line":404},"67":{"loc":{"start":{"line":405,"column":10},"end":{"line":405,"column":null}},"type":"binary-expr","locations":[{"start":{"line":405,"column":10},"end":{"line":405,"column":18}},{"start":{"line":405,"column":18},"end":{"line":405,"column":null}}],"line":405},"68":{"loc":{"start":{"line":423,"column":2},"end":{"line":423,"column":null}},"type":"if","locations":[{"start":{"line":423,"column":2},"end":{"line":423,"column":null}},{"start":{},"end":{}}],"line":423},"69":{"loc":{"start":{"line":424,"column":2},"end":{"line":424,"column":null}},"type":"if","locations":[{"start":{"line":424,"column":2},"end":{"line":424,"column":null}},{"start":{},"end":{}}],"line":424},"70":{"loc":{"start":{"line":439,"column":2},"end":{"line":439,"column":null}},"type":"default-arg","locations":[{"start":{"line":439,"column":14},"end":{"line":439,"column":null}}],"line":439},"71":{"loc":{"start":{"line":461,"column":2},"end":{"line":461,"column":null}},"type":"if","locations":[{"start":{"line":461,"column":2},"end":{"line":461,"column":null}},{"start":{},"end":{}}],"line":461},"72":{"loc":{"start":{"line":479,"column":2},"end":{"line":486,"column":null}},"type":"if","locations":[{"start":{"line":479,"column":2},"end":{"line":486,"column":null}},{"start":{},"end":{}}],"line":479},"73":{"loc":{"start":{"line":500,"column":18},"end":{"line":500,"column":null}},"type":"binary-expr","locations":[{"start":{"line":500,"column":18},"end":{"line":500,"column":33}},{"start":{"line":500,"column":33},"end":{"line":500,"column":null}}],"line":500},"74":{"loc":{"start":{"line":504,"column":2},"end":{"line":504,"column":null}},"type":"if","locations":[{"start":{"line":504,"column":2},"end":{"line":504,"column":null}},{"start":{},"end":{}}],"line":504},"75":{"loc":{"start":{"line":505,"column":2},"end":{"line":505,"column":null}},"type":"if","locations":[{"start":{"line":505,"column":2},"end":{"line":505,"column":null}},{"start":{},"end":{}}],"line":505},"76":{"loc":{"start":{"line":518,"column":18},"end":{"line":518,"column":null}},"type":"binary-expr","locations":[{"start":{"line":518,"column":18},"end":{"line":518,"column":33}},{"start":{"line":518,"column":33},"end":{"line":518,"column":null}}],"line":518},"77":{"loc":{"start":{"line":521,"column":2},"end":{"line":521,"column":null}},"type":"if","locations":[{"start":{"line":521,"column":2},"end":{"line":521,"column":null}},{"start":{},"end":{}}],"line":521},"78":{"loc":{"start":{"line":521,"column":50},"end":{"line":521,"column":124}},"type":"binary-expr","locations":[{"start":{"line":521,"column":50},"end":{"line":521,"column":111}},{"start":{"line":521,"column":111},"end":{"line":521,"column":124}}],"line":521},"79":{"loc":{"start":{"line":522,"column":2},"end":{"line":522,"column":null}},"type":"if","locations":[{"start":{"line":522,"column":2},"end":{"line":522,"column":null}},{"start":{},"end":{}}],"line":522},"80":{"loc":{"start":{"line":531,"column":18},"end":{"line":531,"column":null}},"type":"binary-expr","locations":[{"start":{"line":531,"column":18},"end":{"line":531,"column":33}},{"start":{"line":531,"column":33},"end":{"line":531,"column":null}}],"line":531},"81":{"loc":{"start":{"line":534,"column":2},"end":{"line":534,"column":null}},"type":"if","locations":[{"start":{"line":534,"column":2},"end":{"line":534,"column":null}},{"start":{},"end":{}}],"line":534},"82":{"loc":{"start":{"line":537,"column":2},"end":{"line":537,"column":null}},"type":"if","locations":[{"start":{"line":537,"column":2},"end":{"line":537,"column":null}},{"start":{},"end":{}}],"line":537},"83":{"loc":{"start":{"line":559,"column":2},"end":{"line":559,"column":null}},"type":"if","locations":[{"start":{"line":559,"column":2},"end":{"line":559,"column":null}},{"start":{},"end":{}}],"line":559},"84":{"loc":{"start":{"line":559,"column":58},"end":{"line":559,"column":132}},"type":"binary-expr","locations":[{"start":{"line":559,"column":58},"end":{"line":559,"column":119}},{"start":{"line":559,"column":119},"end":{"line":559,"column":132}}],"line":559},"85":{"loc":{"start":{"line":562,"column":18},"end":{"line":562,"column":30}},"type":"binary-expr","locations":[{"start":{"line":562,"column":18},"end":{"line":562,"column":26}},{"start":{"line":562,"column":26},"end":{"line":562,"column":30}}],"line":562},"86":{"loc":{"start":{"line":564,"column":20},"end":{"line":564,"column":null}},"type":"binary-expr","locations":[{"start":{"line":564,"column":20},"end":{"line":564,"column":35}},{"start":{"line":564,"column":35},"end":{"line":564,"column":null}}],"line":564},"87":{"loc":{"start":{"line":565,"column":16},"end":{"line":565,"column":null}},"type":"binary-expr","locations":[{"start":{"line":565,"column":16},"end":{"line":565,"column":40}},{"start":{"line":565,"column":40},"end":{"line":565,"column":null}}],"line":565},"88":{"loc":{"start":{"line":566,"column":4},"end":{"line":566,"column":null}},"type":"if","locations":[{"start":{"line":566,"column":4},"end":{"line":566,"column":null}},{"start":{},"end":{}}],"line":566},"89":{"loc":{"start":{"line":571,"column":4},"end":{"line":571,"column":null}},"type":"if","locations":[{"start":{"line":571,"column":4},"end":{"line":571,"column":null}},{"start":{},"end":{}}],"line":571},"90":{"loc":{"start":{"line":573,"column":4},"end":{"line":573,"column":null}},"type":"if","locations":[{"start":{"line":573,"column":4},"end":{"line":573,"column":null}},{"start":{},"end":{}}],"line":573},"91":{"loc":{"start":{"line":582,"column":2},"end":{"line":582,"column":null}},"type":"if","locations":[{"start":{"line":582,"column":2},"end":{"line":582,"column":null}},{"start":{},"end":{}}],"line":582},"92":{"loc":{"start":{"line":584,"column":31},"end":{"line":584,"column":43}},"type":"binary-expr","locations":[{"start":{"line":584,"column":31},"end":{"line":584,"column":39}},{"start":{"line":584,"column":39},"end":{"line":584,"column":43}}],"line":584}},"s":{"0":0,"1":0,"2":0,"3":0,"4":0,"5":1,"6":1,"7":1,"8":1,"9":1,"10":0,"11":0,"12":0,"13":0,"14":0,"15":0,"16":0,"17":0,"18":0,"19":0,"20":0,"21":0,"22":0,"23":0,"24":0,"25":0,"26":0,"27":0,"28":0,"29":0,"30":0,"31":0,"32":0,"33":0,"34":0,"35":0,"36":0,"37":0,"38":0,"39":0,"40":0,"41":0,"42":0,"43":0,"44":0,"45":0,"46":0,"47":0,"48":0,"49":0,"50":0,"51":0,"52":0,"53":0,"54":0,"55":0,"56":0,"57":0,"58":0,"59":0,"60":0,"61":0,"62":0,"63":0,"64":0,"65":0,"66":0,"67":0,"68":0,"69":0,"70":0,"71":0,"72":0,"73":0,"74":0,"75":0,"76":0,"77":0,"78":0,"79":0,"80":0,"81":0,"82":0,"83":0,"84":0,"85":0,"86":0,"87":0,"88":0,"89":0,"90":0,"91":0,"92":0,"93":0,"94":0,"95":0,"96":0,"97":0,"98":0,"99":0,"100":0,"101":0,"102":0,"103":0,"104":0,"105":0,"106":0,"107":0,"108":0,"109":0,"110":0,"111":0,"112":0,"113":0,"114":0,"115":0,"116":0,"117":0,"118":0,"119":0,"120":0,"121":0,"122":0,"123":0,"124":0,"125":0,"126":0,"127":0,"128":0,"129":0,"130":0,"131":0,"132":0,"133":0,"134":0,"135":0,"136":0,"137":0,"138":0,"139":0,"140":0,"141":0,"142":0,"143":0,"144":0,"145":0,"146":0,"147":0,"148":0,"149":0,"150":0,"151":0,"152":0,"153":0,"154":0,"155":0,"156":0,"157":0,"158":0,"159":0,"160":0,"161":0,"162":0,"163":0,"164":0,"165":0,"166":0,"167":0,"168":0,"169":0,"170":0,"171":0,"172":0,"173":0,"174":0,"175":0,"176":0,"177":0,"178":0,"179":0,"180":0,"181":0,"182":0,"183":0,"184":0,"185":0,"186":0,"187":0,"188":0,"189":0,"190":0,"191":0,"192":0},"f":{"0":0,"1":0,"2":0,"3":0,"4":0,"5":0,"6":0,"7":0,"8":0,"9":0,"10":0,"11":0,"12":0,"13":0,"14":0,"15":0,"16":0,"17":0,"18":0},"b":{"0":[0,0],"1":[0,0],"2":[0,0],"3":[0,0],"4":[0,0],"5":[0,0],"6":[0,0],"7":[0,0],"8":[0,0],"9":[0,0],"10":[0,0],"11":[0,0,0,0,0,0,0,0],"12":[0,0],"13":[0,0,0],"14":[0,0],"15":[0,0,0,0,0,0,0,0],"16":[0,0],"17":[0,0],"18":[0,0],"19":[0,0],"20":[0,0,0,0,0,0,0,0],"21":[0,0],"22":[0,0,0],"23":[0,0],"24":[0,0],"25":[0,0,0,0,0,0,0,0],"26":[0,0],"27":[0,0,0],"28":[0,0],"29":[0,0],"30":[0,0],"31":[0,0],"32":[0,0],"33":[0,0],"34":[0,0,0],"35":[0,0],"36":[0,0],"37":[0,0],"38":[0,0],"39":[0,0],"40":[0,0],"41":[0,0],"42":[0,0],"43":[0,0],"44":[0,0],"45":[0,0,0],"46":[0,0],"47":[0,0],"48":[0,0],"49":[0,0],"50":[0,0],"51":[0,0],"52":[0,0],"53":[0,0],"54":[0,0],"55":[0,0,0],"56":[0,0],"57":[0,0],"58":[0,0],"59":[0,0],"60":[0,0],"61":[0,0],"62":[0,0],"63":[0,0],"64":[0,0],"65":[0,0],"66":[0,0],"67":[0,0],"68":[0,0],"69":[0,0],"70":[0],"71":[0,0],"72":[0,0],"73":[0,0],"74":[0,0],"75":[0,0],"76":[0,0],"77":[0,0],"78":[0,0],"79":[0,0],"80":[0,0],"81":[0,0],"82":[0,0],"83":[0,0],"84":[0,0],"85":[0,0],"86":[0,0],"87":[0,0],"88":[0,0],"89":[0,0],"90":[0,0],"91":[0,0],"92":[0,0]},"meta":{"lastBranch":93,"lastFunction":19,"lastStatement":193,"seen":{"f:58:9:58:15":0,"s:59:12:59:Infinity":0,"s:60:2:60:Infinity":1,"b:60:39:60:55:60:55:60:Infinity":0,"b:60:9:60:31:60:31:60:39":1,"f:63:9:63:17":1,"s:64:12:64:Infinity":2,"s:65:2:65:Infinity":3,"b:65:39:65:55:65:55:65:Infinity":2,"b:65:9:65:31:65:31:65:39":3,"f:68:16:68:58":2,"s:69:2:84:Infinity":4,"b:70:4:70:83:70:83:70:Infinity":4,"s:87:27:95:Infinity":5,"s:97:28:97:Infinity":6,"s:99:26:105:Infinity":7,"s:107:30:107:Infinity":8,"s:109:21:124:Infinity":9,"f:126:9:126:19":3,"s:127:2:127:Infinity":10,"b:127:16:127:21:127:21:127:23":5,"f:130:16:130:33":4,"s:131:14:131:Infinity":11,"b:131:21:131:29:131:29:131:35":6,"s:132:18:136:Infinity":12,"s:137:2:137:Infinity":13,"b:137:9:137:20:137:20:137:Infinity":7,"f:140:9:140:16":5,"s:141:12:141:Infinity":14,"s:142:14:142:Infinity":15,"b:143:2:143:Infinity:undefined:undefined:undefined:undefined":8,"s:143:2:143:Infinity":16,"s:143:18:143:Infinity":17,"s:144:2:144:Infinity":18,"f:147:15:147:30":6,"s:148:2:188:Infinity":19,"s:149:16:149:Infinity":20,"b:150:4:150:Infinity:undefined:undefined:undefined:undefined":9,"s:150:4:150:Infinity":21,"s:150:25:150:Infinity":22,"b:153:4:164:Infinity:undefined:undefined:undefined:undefined":10,"s:153:4:164:Infinity":23,"b:154:6:154:Infinity:155:6:155:Infinity:156:6:156:Infinity:157:6:157:Infinity:158:6:158:Infinity:159:6:159:Infinity:160:6:160:Infinity:161:6:161:Infinity":11,"s:163:6:163:Infinity":24,"b:167:4:169:Infinity:undefined:undefined:undefined:undefined":12,"s:167:4:169:Infinity":25,"b:167:8:167:27:167:27:167:46:167:46:167:63":13,"s:168:6:168:Infinity":26,"b:172:4:183:Infinity:undefined:undefined:undefined:undefined":14,"s:172:4:183:Infinity":27,"b:173:6:173:Infinity:174:6:174:Infinity:175:6:175:Infinity:176:6:176:Infinity:177:6:177:Infinity:178:6:178:Infinity:179:6:179:Infinity:180:6:180:Infinity":15,"s:182:6:182:Infinity":28,"s:185:4:185:Infinity":29,"s:187:4:187:Infinity":30,"f:200:15:200:36":7,"s:201:2:257:Infinity":31,"s:202:16:202:Infinity":32,"b:205:4:205:Infinity:undefined:undefined:undefined:undefined":16,"s:205:4:205:Infinity":33,"s:205:24:205:Infinity":34,"s:207:24:207:Infinity":35,"b:211:4:214:Infinity:undefined:undefined:undefined:undefined":17,"s:211:4:214:Infinity":36,"s:213:6:213:Infinity":37,"b:213:13:213:45:213:45:213:Infinity":18,"b:217:4:229:Infinity:undefined:undefined:undefined:undefined":19,"s:217:4:229:Infinity":38,"s:219:6:227:Infinity":39,"b:220:8:220:Infinity:221:8:221:Infinity:222:8:222:Infinity:223:8:223:Infinity:224:8:224:Infinity:225:8:225:Infinity:226:8:226:Infinity:227:8:227:Infinity":20,"b:231:4:234:Infinity:undefined:undefined:undefined:undefined":21,"s:231:4:234:Infinity":40,"s:233:6:233:Infinity":41,"b:233:13:233:32:233:32:233:51:233:51:233:Infinity":22,"b:236:4:249:Infinity:undefined:undefined:undefined:undefined":23,"s:236:4:249:Infinity":42,"b:238:6:238:Infinity:undefined:undefined:undefined:undefined":24,"s:238:6:238:Infinity":43,"s:238:27:238:Infinity":44,"s:239:6:247:Infinity":45,"b:240:8:240:Infinity:241:8:241:Infinity:242:8:242:Infinity:243:8:243:Infinity:244:8:244:Infinity:245:8:245:Infinity:246:8:246:Infinity:247:8:247:Infinity":25,"s:253:4:253:Infinity":46,"s:256:4:256:Infinity":47,"f:265:22:265:37":8,"s:266:14:266:Infinity":48,"b:267:2:267:Infinity:undefined:undefined:undefined:undefined":26,"s:267:2:267:Infinity":49,"s:267:13:267:Infinity":50,"s:269:19:269:Infinity":51,"b:269:36:269:48:269:48:269:61:269:61:269:67":27,"s:270:14:270:Infinity":52,"b:271:2:271:Infinity:undefined:undefined:undefined:undefined":28,"s:271:2:271:Infinity":53,"s:271:30:271:Infinity":54,"s:273:15:273:Infinity":55,"b:273:25:273:38:273:38:273:40":29,"s:274:15:274:Infinity":56,"b:274:22:274:35:274:35:274:36":30,"s:276:20:276:Infinity":57,"s:277:21:277:Infinity":58,"s:278:19:278:Infinity":59,"s:279:19:279:Infinity":60,"b:281:2:288:Infinity:undefined:undefined:undefined:undefined":31,"s:281:2:288:Infinity":61,"b:282:4:282:Infinity:undefined:undefined:undefined:undefined":32,"s:282:4:282:Infinity":62,"s:282:33:282:Infinity":63,"b:283:4:285:Infinity:undefined:undefined:undefined:undefined":33,"s:283:4:285:Infinity":64,"b:283:8:283:16:283:16:283:49:283:49:283:86":34,"s:284:6:284:Infinity":65,"s:286:28:286:Infinity":66,"b:286:45:286:66:286:66:286:Infinity":35,"s:287:4:287:Infinity":67,"b:287:58:287:66:287:66:287:83":36,"b:290:2:304:Infinity:undefined:undefined:undefined:undefined":37,"s:290:2:304:Infinity":68,"b:291:4:291:Infinity:undefined:undefined:undefined:undefined":38,"s:291:4:291:Infinity":69,"s:291:34:291:Infinity":70,"s:293:20:293:Infinity":71,"s:294:26:294:Infinity":72,"b:294:26:294:37:294:37:294:Infinity":39,"b:295:4:295:Infinity:undefined:undefined:undefined:undefined":40,"s:295:4:295:Infinity":73,"s:295:49:295:Infinity":74,"s:298:25:298:Infinity":75,"b:299:4:301:Infinity:undefined:undefined:undefined:undefined":41,"s:299:4:301:Infinity":76,"s:300:6:300:Infinity":77,"s:303:4:303:Infinity":78,"b:306:2:326:Infinity:undefined:undefined:undefined:undefined":42,"s:306:2:326:Infinity":79,"b:307:4:307:Infinity:undefined:undefined:undefined:undefined":43,"s:307:4:307:Infinity":80,"s:307:32:307:Infinity":81,"b:308:4:310:Infinity:undefined:undefined:undefined:undefined":44,"s:308:4:310:Infinity":82,"b:308:8:308:16:308:16:308:48:308:48:308:85":45,"s:309:6:309:Infinity":83,"s:313:6:323:Infinity":84,"b:314:10:314:Infinity:315:10:323:Infinity":46,"b:316:12:316:Infinity:317:12:323:Infinity":47,"b:318:14:318:Infinity:319:14:323:Infinity":48,"b:320:16:320:Infinity:321:16:323:Infinity":49,"b:322:18:322:Infinity:323:18:323:Infinity":50,"s:325:4:325:Infinity":85,"b:325:57:325:65:325:65:325:81":51,"b:328:2:336:Infinity:undefined:undefined:undefined:undefined":52,"s:328:2:336:Infinity":86,"b:329:4:329:Infinity:undefined:undefined:undefined:undefined":53,"s:329:4:329:Infinity":87,"s:329:32:329:Infinity":88,"b:330:4:332:Infinity:undefined:undefined:undefined:undefined":54,"s:330:4:332:Infinity":89,"b:330:8:330:16:330:16:330:52:330:52:330:89":55,"s:331:6:331:Infinity":90,"s:333:27:333:Infinity":91,"s:334:26:334:Infinity":92,"b:334:64:334:69:334:69:334:Infinity":56,"s:335:4:335:Infinity":93,"b:335:57:335:74:335:74:335:90":57,"s:338:2:338:Infinity":94,"f:348:22:348:48":9,"s:354:14:354:Infinity":95,"s:355:16:355:Infinity":96,"s:357:32:361:Infinity":97,"b:363:2:363:Infinity:undefined:undefined:undefined:undefined":58,"s:363:2:363:Infinity":98,"s:363:13:363:Infinity":99,"s:365:8:369:Infinity":100,"b:365:17:365:25:365:25:365:29":59,"f:365:36:365:37":10,"s:366:16:366:Infinity":101,"s:367:16:367:Infinity":102,"b:367:34:367:63:367:63:367:Infinity":60,"s:368:4:368:Infinity":103,"b:368:34:368:48:368:48:368:Infinity":61,"s:371:16:371:Infinity":104,"s:372:16:375:Infinity":105,"f:372:29:372:30":11,"s:373:16:373:Infinity":106,"s:374:4:374:Infinity":107,"b:374:24:374:43:374:43:374:44":62,"b:377:2:379:Infinity:undefined:undefined:undefined:undefined":63,"s:377:2:379:Infinity":108,"s:378:4:378:Infinity":109,"b:381:2:383:Infinity:undefined:undefined:undefined:undefined":64,"s:381:2:383:Infinity":110,"b:381:21:381:33:381:33:381:34":65,"s:382:4:382:Infinity":111,"f:391:22:391:53":12,"s:395:8:395:Infinity":112,"s:397:26:402:Infinity":113,"b:404:2:404:Infinity:undefined:undefined:undefined:undefined":66,"s:404:2:404:Infinity":114,"s:404:13:404:Infinity":115,"s:405:2:405:Infinity":116,"b:405:10:405:18:405:18:405:Infinity":67,"f:413:22:413:40":13,"s:414:8:414:Infinity":117,"s:416:26:421:Infinity":118,"b:423:2:423:Infinity:undefined:undefined:undefined:undefined":68,"s:423:2:423:Infinity":119,"s:423:13:423:Infinity":120,"b:424:2:424:Infinity:undefined:undefined:undefined:undefined":69,"s:424:2:424:Infinity":121,"s:424:13:424:Infinity":122,"s:425:2:425:Infinity":123,"f:436:22:436:39":14,"b:439:14:439:Infinity":70,"s:443:8:443:Infinity":124,"s:444:14:444:Infinity":125,"s:446:12:446:Infinity":126,"s:448:2:448:Infinity":127,"s:450:21:450:Infinity":128,"s:451:22:451:Infinity":129,"s:452:20:452:Infinity":130,"s:454:16:454:Infinity":131,"s:456:13:459:Infinity":132,"b:461:2:461:Infinity:undefined:undefined:undefined:undefined":71,"s:461:2:461:Infinity":133,"s:461:16:461:Infinity":134,"s:463:14:477:Infinity":135,"b:479:2:486:Infinity:undefined:undefined:undefined:undefined":72,"s:479:2:486:Infinity":136,"s:480:4:484:Infinity":137,"s:481:6:481:Infinity":138,"s:485:4:485:Infinity":139,"s:488:2:488:Infinity":140,"f:496:22:496:53":15,"s:497:8:497:Infinity":141,"s:498:14:498:Infinity":142,"s:500:18:500:Infinity":143,"b:500:18:500:33:500:33:500:Infinity":73,"s:501:18:501:Infinity":144,"s:503:26:503:Infinity":145,"b:504:2:504:Infinity:undefined:undefined:undefined:undefined":74,"s:504:2:504:Infinity":146,"s:504:13:504:Infinity":147,"b:505:2:505:Infinity:undefined:undefined:undefined:undefined":75,"s:505:2:505:Infinity":148,"s:505:24:505:Infinity":149,"s:507:2:512:Infinity":150,"f:515:22:515:46":16,"s:516:8:516:Infinity":151,"s:517:14:517:Infinity":152,"s:518:18:518:Infinity":153,"b:518:18:518:33:518:33:518:Infinity":76,"s:520:26:520:Infinity":154,"b:521:2:521:Infinity:undefined:undefined:undefined:undefined":77,"s:521:2:521:Infinity":155,"s:521:13:521:Infinity":156,"b:521:50:521:111:521:111:521:124":78,"b:522:2:522:Infinity:undefined:undefined:undefined:undefined":79,"s:522:2:522:Infinity":157,"s:522:13:522:Infinity":158,"s:524:16:524:Infinity":159,"s:525:2:525:Infinity":160,"f:528:22:528:43":17,"s:529:8:529:Infinity":161,"s:530:14:530:Infinity":162,"s:531:18:531:Infinity":163,"b:531:18:531:33:531:33:531:Infinity":80,"s:533:13:533:Infinity":164,"b:534:2:534:Infinity:undefined:undefined:undefined:undefined":81,"s:534:2:534:Infinity":165,"s:534:16:534:Infinity":166,"s:536:14:536:Infinity":167,"b:537:2:537:Infinity:undefined:undefined:undefined:undefined":82,"s:537:2:537:Infinity":168,"s:537:17:537:Infinity":169,"s:539:2:539:Infinity":170,"f:547:22:547:54":18,"s:551:8:551:Infinity":171,"s:553:32:557:Infinity":172,"b:559:2:559:Infinity:undefined:undefined:undefined:undefined":83,"s:559:2:559:Infinity":173,"s:559:13:559:Infinity":174,"b:559:58:559:119:559:119:559:132":84,"s:561:19:561:Infinity":175,"s:562:2:568:Infinity":176,"b:562:18:562:26:562:26:562:30":85,"s:563:16:563:Infinity":177,"s:564:20:564:Infinity":178,"b:564:20:564:35:564:35:564:Infinity":86,"s:565:16:565:Infinity":179,"b:565:16:565:40:565:40:565:Infinity":87,"b:566:4:566:Infinity:undefined:undefined:undefined:undefined":88,"s:566:4:566:Infinity":180,"s:566:27:566:Infinity":181,"s:567:4:567:Infinity":182,"s:570:2:574:Infinity":183,"b:571:4:571:Infinity:undefined:undefined:undefined:undefined":89,"s:571:4:571:Infinity":184,"s:571:23:571:Infinity":185,"s:572:15:572:Infinity":186,"b:573:4:573:Infinity:undefined:undefined:undefined:undefined":90,"s:573:4:573:Infinity":187,"s:573:18:573:Infinity":188,"s:576:14:580:Infinity":189,"b:582:2:582:Infinity:undefined:undefined:undefined:undefined":91,"s:582:2:582:Infinity":190,"s:582:17:582:Infinity":191,"s:584:2:584:Infinity":192,"b:584:31:584:39:584:39:584:43":92}}}
,"C:\\Users\\wyemh\\vikini\\vikini\\lib\\features\\chat\\conversations.ts": {"path":"C:\\Users\\wyemh\\vikini\\vikini\\lib\\features\\chat\\conversations.ts","statementMap":{"0":{"start":{"line":24,"column":60},"end":{"line":24,"column":null}},"1":{"start":{"line":81,"column":2},"end":{"line":81,"column":null}},"2":{"start":{"line":81,"column":12},"end":{"line":81,"column":null}},"3":{"start":{"line":83,"column":2},"end":{"line":100,"column":null}},"4":{"start":{"line":104,"column":8},"end":{"line":104,"column":null}},"5":{"start":{"line":107,"column":13},"end":{"line":111,"column":null}},"6":{"start":{"line":113,"column":2},"end":{"line":113,"column":null}},"7":{"start":{"line":113,"column":17},"end":{"line":113,"column":null}},"8":{"start":{"line":116,"column":13},"end":{"line":116,"column":null}},"9":{"start":{"line":117,"column":2},"end":{"line":117,"column":null}},"10":{"start":{"line":117,"column":16},"end":{"line":117,"column":null}},"11":{"start":{"line":118,"column":2},"end":{"line":118,"column":null}},"12":{"start":{"line":122,"column":8},"end":{"line":122,"column":null}},"13":{"start":{"line":125,"column":13},"end":{"line":129,"column":null}},"14":{"start":{"line":131,"column":2},"end":{"line":131,"column":null}},"15":{"start":{"line":131,"column":17},"end":{"line":131,"column":null}},"16":{"start":{"line":131,"column":97},"end":{"line":131,"column":107}},"17":{"start":{"line":134,"column":13},"end":{"line":138,"column":null}},"18":{"start":{"line":140,"column":2},"end":{"line":140,"column":null}},"19":{"start":{"line":140,"column":16},"end":{"line":140,"column":null}},"20":{"start":{"line":141,"column":2},"end":{"line":141,"column":null}},"21":{"start":{"line":141,"column":82},"end":{"line":141,"column":92}},"22":{"start":{"line":166,"column":2},"end":{"line":166,"column":null}},"23":{"start":{"line":194,"column":8},"end":{"line":194,"column":null}},"24":{"start":{"line":195,"column":16},"end":{"line":195,"column":null}},"25":{"start":{"line":196,"column":8},"end":{"line":196,"column":null}},"26":{"start":{"line":197,"column":8},"end":{"line":197,"column":null}},"27":{"start":{"line":199,"column":19},"end":{"line":211,"column":null}},"28":{"start":{"line":213,"column":36},"end":{"line":213,"column":null}},"29":{"start":{"line":214,"column":2},"end":{"line":234,"column":null}},"30":{"start":{"line":215,"column":4},"end":{"line":215,"column":null}},"31":{"start":{"line":218,"co
[...]
ull}},"4":{"start":{"line":18,"column":4},"end":{"line":20,"column":null}},"5":{"start":{"line":19,"column":6},"end":{"line":19,"column":null}},"6":{"start":{"line":29,"column":4},"end":{"line":29,"column":null}},"7":{"start":{"line":30,"column":4},"end":{"line":30,"column":null}},"8":{"start":{"line":39,"column":4},"end":{"line":39,"column":null}},"9":{"start":{"line":40,"column":4},"end":{"line":40,"column":null}},"10":{"start":{"line":49,"column":4},"end":{"line":49,"column":null}},"11":{"start":{"line":50,"column":4},"end":{"line":50,"column":null}},"12":{"start":{"line":61,"column":4},"end":{"line":61,"column":null}},"13":{"start":{"line":62,"column":4},"end":{"line":62,"column":null}},"14":{"start":{"line":63,"column":4},"end":{"line":63,"column":null}},"15":{"start":{"line":74,"column":4},"end":{"line":74,"column":null}},"16":{"start":{"line":75,"column":4},"end":{"line":75,"column":null}},"17":{"start":{"line":76,"column":4},"end":{"line":76,"column":null}},"18":{"start":{"line":87,"column":4},"end":{"line":87,"column":null}},"19":{"start":{"line":88,"column":4},"end":{"line":88,"column":null}},"20":{"start":{"line":89,"column":4},"end":{"line":89,"column":null}},"21":{"start":{"line":100,"column":4},"end":{"line":100,"column":null}},"22":{"start":{"line":101,"column":4},"end":{"line":101,"column":null}},"23":{"start":{"line":102,"column":4},"end":{"line":102,"column":null}},"24":{"start":{"line":115,"column":2},"end":{"line":120,"column":null}},"25":{"start":{"line":116,"column":4},"end":{"line":118,"column":null}},"26":{"start":{"line":117,"column":6},"end":{"line":117,"column":null}},"27":{"start":{"line":119,"column":4},"end":{"line":119,"column":null}},"28":{"start":{"line":123,"column":2},"end":{"line":126,"column":null}},"29":{"start":{"line":125,"column":4},"end":{"line":125,"column":null}},"30":{"start":{"line":128,"column":2},"end":{"line":201,"column":null}},"31":{"start":{"line":129,"column":18},"end":{"line":129,"column":null}},"32":{"start":{"line":132,"column":27},"end":{"line":147,"column":null}},"33":{"start":{"line":149,"column":20},"end":{"line":149,"column":null}},"34":{"start":{"line":150,"column":4},"end":{"line":152,"column":null}},"35":{"start":{"line":151,"column":6},"end":{"line":151,"column":null}},"36":{"start":{"line":155,"column":4},"end":{"line":155,"column":null}},"37":{"start":{"line":156,"column":4},"end":{"line":156,"column":null}},"38":{"start":{"line":159,"column":4},"end":{"line":159,"column":null}},"39":{"start":{"line":160,"column":4},"end":{"line":160,"column":null}},"40":{"start":{"line":161,"column":4},"end":{"line":161,"column":null}},"41":{"start":{"line":162,"column":4},"end":{"line":162,"column":null}},"42":{"start":{"line":163,"column":4},"end":{"line":163,"column":null}},"43":{"start":{"line":164,"column":4},"end":{"line":164,"column":null}},"44":{"start":{"line":165,"column":4},"end":{"line":165,"column":null}},"45":{"start":{"line":168,"column":4},"end":{"line":168,"column":null}},"46":{"start":{"line":169,"column":4},"end":{"line":169,"column":null}},"47":{"start":{"line":170,"column":4},"end":{"line":170,"column":null}},"48":{"start":{"line":173,"column":4},"end":{"line":173,"column":null}},"49":{"start":{"line":176,"column":4},"end":{"line":176,"column":null}},"50":{"start":{"line":177,"column":4},"end":{"line":177,"column":null}},"51":{"start":{"line":180,"column":4},"end":{"line":180,"column":null}},"52":{"start":{"line":183,"column":4},"end":{"line":183,"column":null}},"53":{"start":{"line":184,"column":4},"end":{"line":184,"column":null}},"54":{"start":{"line":187,"column":10},"end":{"line":187,"column":null}},"55":{"start":{"line":190,"column":4},"end":{"line":192,"column":null}},"56":{"start":{"line":191,"column":6},"end":{"line":191,"column":null}},"57":{"start":{"line":195,"column":30},"end":{"line":195,"column":null}},"58":{"start":{"line":196,"column":4},"end":{"line":198,"column":null}},"59":{"start":{"line":197,"column":6},"end":{"line":197,"column":null}},"60":{"start":{"line":200,"column":4},"end":{"line":200,"column":null}},"61":{"start":{"line":204,"column":2},"end":{"line":204,"column":null}}},"fnMap":{"0":{"name":"(anonymous_0)","decl":{"start":{"line":11,"column":2},"end":{"line":11,"column":14}},"loc":{"start":{"line":11,"column":90},"end":{"line":21,"column":null}},"line":11},"1":{"name":"(anonymous_1)","decl":{"start":{"line":28,"column":2},"end":{"line":28,"column":14}},"loc":{"start":{"line":28,"column":53},"end":{"line":31,"column":null}},"line":28},"2":{"name":"(anonymous_2)","decl":{"start":{"line":38,"column":2},"end":{"line":38,"column":14}},"loc":{"start":{"line":38,"column":48},"end":{"line":41,"column":null}},"line":38},"3":{"name":"(anonymous_3)","decl":{"start":{"line":48,"column":2},"end":{"line":48,"column":14}},"loc":{"start":{"line":48,"column":45},"end":{"line":51,"column":null}},"line":48},"4":{"name":"(anonymous_4)","decl":{"start":{"line":60,"column":2},"end":{"line":60,"column":14}},"loc":{"start":{"line":60,"column":45},"end":{"line":64,"column":null}},"line":60},"5":{"name":"(anonymous_5)","decl":{"start":{"line":73,"column":2},"end":{"line":73,"column":14}},"loc":{"start":{"line":73,"column":87},"end":{"line":77,"column":null}},"line":73},"6":{"name":"(anonymous_6)","decl":{"start":{"line":86,"column":2},"end":{"line":86,"column":14}},"loc":{"start":{"line":86,"column":86},"end":{"line":90,"column":null}},"line":86},"7":{"name":"(anonymous_7)","decl":{"start":{"line":99,"column":2},"end":{"line":99,"column":14}},"loc":{"start":{"line":99,"column":101},"end":{"line":103,"column":null}},"line":99},"8":{"name":"sanitizeError","decl":{"start":{"line":113,"column":16},"end":{"line":113,"column":30}},"loc":{"start":{"line":113,"column":117},"end":{"line":205,"column":null}},"line":113}},"branchMap":{"0":{"loc":{"start":{"line":11,"column":31},"end":{"line":11,"column":57}},"type":"default-arg","locations":[{"start":{"line":11,"column":52},"end":{"line":11,"column":57}}],"line":11},"1":{"loc":{"start":{"line":11,"column":57},"end":{"line":11,"column":90}},"type":"default-arg","locations":[{"start":{"line":11,"column":72},"end":{"line":11,"column":90}}],"line":11},"2":{"loc":{"start":{"line":18,"column":4},"end":{"line":20,"column":null}},"type":"if","locations":[{"start":{"line":18,"column":4},"end":{"line":20,"column":null}},{"start":{},"end":{}}],"line":18},"3":{"loc":{"start":{"line":28,"column":14},"end":{"line":28,"column":53}},"type":"default-arg","locations":[{"start":{"line":28,"column":32},"end":{"line":28,"column":53}}],"line":28},"4":{"loc":{"start":{"line":38,"column":14},"end":{"line":38,"column":48}},"type":"default-arg","locations":[{"start":{"line":38,"column":32},"end":{"line":38,"column":48}}],"line":38},"5":{"loc":{"start":{"line":48,"column":14},"end":{"line":48,"column":45}},"type":"default-arg","locations":[{"start":{"line":48,"column":32},"end":{"line":48,"column":45}}],"line":48},"6":{"loc":{"start":{"line":60,"column":14},"end":{"line":60,"column":45}},"type":"default-arg","locations":[{"start":{"line":60,"column":33},"end":{"line":60,"column":45}}],"line":60},"7":{"loc":{"start":{"line":73,"column":14},"end":{"line":73,"column":55}},"type":"default-arg","locations":[{"start":{"line":73,"column":32},"end":{"line":73,"column":55}}],"line":73},"8":{"loc":{"start":{"line":73,"column":55},"end":{"line":73,"column":87}},"type":"default-arg","locations":[{"start":{"line":73,"column":83},"end":{"line":73,"column":87}}],"line":73},"9":{"loc":{"start":{"line":86,"column":14},"end":{"line":86,"column":50}},"type":"default-arg","locations":[{"start":{"line":86,"column":32},"end":{"line":86,"column":50}}],"line":86},"10":{"loc":{"start":{"line":86,"column":50},"end":{"line":86,"column":86}},"type":"default-arg","locations":[{"start":{"line":86,"column":80},"end":{"line":86,"column":86}}],"line":86},"11":{"loc":{"start":{"line":99,"column":31},"end":{"line":99,"column":75}},"type":"default-arg","locations":[{"start":{"line":99,"column":49},"end":{"line":99,"column":75}}],"line":99},"12":{"loc":{"start":{"line":99,"column":75},"end":{"line":99,"column":101}},"type":"default-arg","locations":[{"start":{"line":99,"column":96},"end":{"line":99,"column":101}}],"line":99},"13":{"loc":{"start":{"line":113,"column":46},"end":{"line":113,"column":117}},"type":"default-arg","locations":[{"start":{"line":113,"column":70},"end":{"line":113,"column":117}}],"line":113},"14":{"loc":{"start":{"line":115,"column":2},"end":{"line":120,"column":null}},"type":"if","locations":[{"start":{"line":115,"column":2},"end":{"line":120,"column":null}},{"start":{},"end":{}}],"line":115},"15":{"loc":{"start":{"line":116,"column":4},"end":{"line":118,"column":null}},"type":"if","locations":[{"start":{"line":116,"column":4},"end":{"line":118,"column":null}},{"start":{},"end":{}}],"line":116},"16":{"loc":{"start":{"line":123,"column":2},"end":{"line":126,"column":null}},"type":"if","locations":[{"start":{"line":123,"column":2},"end":{"line":126,"column":null}},{"start":{},"end":{}}],"line":123},"17":{"loc":{"start":{"line":128,"column":2},"end":{"line":201,"column":null}},"type":"if","locations":[{"start":{"line":128,"column":2},"end":{"line":201,"column":null}},{"start":{},"end":{}}],"line":128},"18":{"loc":{"start":{"line":187,"column":27},"end":{"line":187,"column":156}},"type":"binary-expr","locations":[{"start":{"line":187,"column":27},"end":{"line":187,"column":152}},{"start":{"line":187,"column":152},"end":{"line":187,"column":156}}],"line":187},"19":{"loc":{"start":{"line":190,"column":4},"end":{"line":192,"column":null}},"type":"if","locations":[{"start":{"line":190,"column":4},"end":{"line":192,"column":null}},{"start":{},"end":{}}],"line":190},"20":{"loc":{"start":{"line":195,"column":50},"end":{"line":195,"column":null}},"type":"binary-expr","locations":[{"start":{"line":195,"column":50},"end":{"line":195,"column":68}},{"start":{"line":195,"column":68},"end":{"line":195,"column":null}}],"line":195},"21":{"loc":{"start":{"line":196,"column":4},"end":{"line":198,"column":null}},"type":"if","locations":[{"start":{"line":196,"column":4},"end":{"line":198,"column":null}},{"start":{},"end":{}}],"line":196},"22":{"loc":{"start":{"line":196,"column":8},"end":{"line":196,"column":58}},"type":"binary-expr","locations":[{"start":{"line":196,"column":8},"end":{"line":196,"column":35}},{"start":{"line":196,"column":35},"end":{"line":196,"column":58}}],"line":196}},"s":{"0":13,"1":13,"2":13,"3":13,"4":13,"5":13,"6":3,"7":3,"8":1,"9":1,"10":1,"11":1,"12":2,"13":2,"14":2,"15":2,"16":2,"17":2,"18":1,"19":1,"20":1,"21":1,"22":1,"23":1,"24":17,"25":1,"26":1,"27":0,"28":16,"29":1,"30":15,"31":12,"32":12,"33":12,"34":12,"35":168,"36":12,"37":12,"38":12,"39":12,"40":12,"41":12,"42":12,"43":12,"44":12,"45":12,"46":12,"47":12,"48":12,"49":12,"50":12,"51":12,"52":12,"53":12,"54":12,"55":12,"56":2,"57":10,"58":12,"59":0,"60":10,"61":3},"f":{"0":13,"1":3,"2":1,"3":1,"4":2,"5":2,"6":1,"7":1,"8":17},"b":{"0":[13],"1":[13],"2":[13,0],"3":[3],"4":[1],"5":[1],"6":[2],"7":[2],"8":[2],"9":[1],"10":[1],"11":[1],"12":[1],"13":[17],"14":[1,16],"15":[1,0],"16":[1,15],"17":[12,3],"18":[12,0],"19":[2,10],"20":[10,0],"21":[0,12],"22":[12,0]},"meta":{"lastBranch":23,"lastFunction":9,"lastStatement":62,"seen":{"f:11:2:11:14":0,"b:11:52:11:57":0,"b:11:72:11:90":1,"s:12:4:12:Infinity":0,"s:13:4:13:Infinity":1,"s:14:4:14:Infinity":2,"s:15:4:15:Infinity":3,"b:18:4:20:Infinity:undefined:undefined:undefined:undefined":2,"s:18:4:20:Infinity":4,"s:19:6:19:Infinity":5,"f:28:2:28:14":1,"b:28:32:28:53":3,"s:29:4:29:Infinity":6,"s:30:4:30:Infinity":7,"f:38:2:38:14":2,"b:38:32:38:48":4,"s:39:4:39:Infinity":8,"s:40:4:40:Infinity":9,"f:48:2:48:14":3,"b:48:32:48:45":5,"s:49:4:49:Infinity":10,"s:50:4:50:Infinity":11,"f:60:2:60:14":4,"b:60:33:60:45":6,"s:61:4:61:Infinity":12,"s:62:4:62:Infinity":13,"s:63:4:63:Infinity":14,"f:73:2:73:14":5,"b:73:32:73:55":7,"b:73:83:73:87":8,"s:74:4:74:Infinity":15,"s:75:4:75:Infinity":16,"s:76:4:76:Infinity":17,"f:86:2:86:14":6,"b:86:32:86:50":9,"b:86:80:86:86":10,"s:87:4:87:Infinity":18,"s:88:4:88:Infinity":19,"s:89:4:89:Infinity":20,"f:99:2:99:14":7,"b:99:49:99:75":11,"b:99:96:99:101":12,"s:100:4:100:Infinity":21,"s:101:4:101:Infinity":22,"s:102:4:102:Infinity":23,"f:113:16:113:30":8,"b:113:70:113:117":13,"b:115:2:120:Infinity:undefined:undefined:undefined:undefined":14,"s:115:2:120:Infinity":24,"b:116:4:118:Infinity:undefined:undefined:undefined:undefined":15,"s:116:4:118:Infinity":25,"s:117:6:117:Infinity":26,"s:119:4:119:Infinity":27,"b:123:2:126:Infinity:undefined:undefined:undefined:undefined":16,"s:123:2:126:Infinity":28,"s:125:4:125:Infinity":29,"b:128:2:201:Infinity:undefined:undefined:undefined:undefined":17,"s:128:2:201:Infinity":30,"s:129:18:129:Infinity":31,"s:132:27:147:Infinity":32,"s:149:20:149:Infinity":33,"s:150:4:152:Infinity":34,"s:151:6:151:Infinity":35,"s:155:4:155:Infinity":36,"s:156:4:156:Infinity":37,"s:159:4:159:Infinity":38,"s:160:4:160:Infinity":39,"s:161:4:161:Infinity":40,"s:162:4:162:Infinity":41,"s:163:4:163:Infinity":42,"s:164:4:164:Infinity":43,"s:165:4:165:Infinity":44,"s:168:4:168:Infinity":45,"s:169:4:169:Infinity":46,"s:170:4:170:Infinity":47,"s:173:4:173:Infinity":48,"s:176:4:176:Infinity":49,"s:177:4:177:Infinity":50,"s:180:4:180:Infinity":51,"s:183:4:183:Infinity":52,"s:184:4:184:Infinity":53,"s:187:10:187:Infinity":54,"b:187:27:187:152:187:152:187:156":18,"b:190:4:192:Infinity:undefined:undefined:undefined:undefined":19,"s:190:4:192:Infinity":55,"s:191:6:191:Infinity":56,"s:195:30:195:Infinity":57,"b:195:50:195:68:195:68:195:Infinity":20,"b:196:4:198:Infinity:undefined:undefined:undefined:undefined":21,"s:196:4:198:Infinity":58,"b:196:8:196:35:196:35:196:58":22,"s:197:6:197:Infinity":59,"s:200:4:200:Infinity":60,"s:204:2:204:Infinity":61}}}
,"C:\\Users\\wyemh\\vikini\\vikini\\lib\\utils\\logger.ts": {"path":"C:\\Users\\wyemh\\vikini\\vikini\\lib\\utils\\logger.ts","statementMap":{"0":{"start":{"line":7,"column":19},"end":{"line":13,"column":null}},"1":{"start":{"line":21,"column":8},"end":{"line":21,"column":null}},"2":{"start":{"line":22,"column":2},"end":{"line":22,"column":null}},"3":{"start":{"line":25,"column":24},"end":{"line":25,"column":null}},"4":{"start":{"line":26,"column":22},"end":{"line":26,"column":null}},"5":{"start":{"line":42,"column":77},"end":{"line":94,"column":null}},"6":{"start":{"line":47,"column":4},"end":{"line":49,"column":null}},"7":{"start":{"line":48,"column":6},"end":{"line":48,"column":null}},"8":{"start":{"line":56,"column":4},"end":{"line":58,"column":null}},"9":{"start":{"line":57,"column":6},"end":{"line":57,"column":null}},"10":{"start":{"line":65,"column":4},"end":{"line":67,"column":null}},"11":{"start":{"line":66,"column":6},"end":{"line":66,"column":null}},"12":{"start":{"line":74,"column":4},"end":{"line":82,"column":null}},"13":{"start":{"line":75,"column":6},"end":{"line":75,"column":null}},"14":{"start":{"line":88,"column":45},"end":{"line":93,"column":null}},"15":{"start":{"line":89,"column":35},"end":{"line":89,"column":null}},"16":{"start":{"line":90,"column":34},"end":{"line":90,"column":null}},"17":{"start":{"line":91,"column":34},"end":{"line":91,"column":null}},"18":{"start":{"line":92,"column":35},"end":{"line":92,"column":null}}},"fnMap":{"0":{"name":"getLogLevel","decl":{"start":{"line":20,"column":9},"end":{"line":20,"column":33}},"loc":{"start":{"line":20,"column":33},"end":{"line":23,"column":null}},"line":20},"1":{"name":"(anonymous_1)","decl":{"start":{"line":46,"column":9},"end":{"line":46,"column":13}},"loc":{"start":{"line":46,"column":39},"end":{"line":50,"column":null}},"line":46},"2":{"name":"(anonymous_2)","decl":{"start":{"line":55,"column":8},"end":{"line":55,"column":12}},"loc":{"start":{"line":55,"column":38},"end":{"line":59,"column":null}},"line":55},"3":{"name":"(anonymous_3)","decl":{"start":{"line":64,"column":8},"end":{"line":64,"column":12}},"loc":{"start":{"line":64,"column":38},"end":{"line":68,"column":null}},"line":64},"4":{"name":"(anonymous_4)","decl":{"start":{"line":73,"column":9},"end":{"line":73,"column":13}},"loc":{"start":{"line":73,"column":39},"end":{"line":83,"column":null}},"line":73},"5":{"name":"(anonymous_5)","decl":{"start":{"line":88,"column":15},"end":{"line":88,"column":16}},"loc":{"start":{"line":88,"column":45},"end":{"line":93,"column":null}},"line":88},"6":{"name":"(anonymous_6)","decl":{"start":{"line":89,"column":11},"end":{"line":89,"column":15}},"loc":{"start":{"line":89,"column":35},"end":{"line":89,"column":null}},"line":89},"7":{"name":"(anonymous_7)","decl":{"start":{"line":90,"column":10},"end":{"line":90,"column":14}},"loc":{"start":{"line":90,"column":34},"end":{"line":90,"column":null}},"line":90},"8":{"name":"(anonymous_8)","decl":{"start":{"line":91,"column":10},"end":{"line":91,"column":14}},"loc":{"start":{"line":91,"column":34},"end":{"line":91,"column":null}},"line":91},"9":{"name":"(anonymous_9)","decl":{"start":{"line":92,"column":11},"end":{"line":92,"column":15}},"loc":{"start":{"line":92,"column":35},"end":{"line":92,"column":null}},"line":92}},"branchMap":{"0":{"loc":{"start":{"line":21,"column":17},"end":{"line":21,"column":50}},"type":"binary-expr","locations":[{"start":{"line":21,"column":17},"end":{"line":21,"column":42}},{"start":{"line":21,"column":42},"end":{"line":21,"column":50}}],"line":21},"1":{"loc":{"start":{"line":22,"column":9},"end":{"line":22,"column":null}},"type":"binary-expr","locations":[{"start":{"line":22,"column":9},"end":{"line":22,"column":30}},{"start":{"line":22,"column":30},"end":{"line":22,"column":null}}],"line":22},"2":{"loc":{"start":{"line":47,"column":4},"end":{"line":49,"column":null}},"type":"if","locations":[{"start":{"line":47,"column":4},"end":{"line":49,"column":null}},{"start":{},"end":{}}],"line":47},"3":{"loc":{"start":{"line":47,"column":8},"end":{"line":47,"column":62}},"type":"binary-expr","locations":[{"start":{"line":47,"column":8},"end":{"line":47,"column":47}},{"start":{"line":47,"column":47},"end":{"line":47,"column":62}}],"line":47},"4":{"loc":{"start":{"line":56,"column":4},"end":{"line":58,"column":null}},"type":"if","locations":[{"start":{"line":56,"column":4},"end":{"line":58,"column":null}},{"start":{},"end":{}}],"line":56},"5":{"loc":{"start":{"line":65,"column":4},"end":{"line":67,"column":null}},"type":"if","locations":[{"start":{"line":65,"column":4},"end":{"line":67,"column":null}},{"start":{},"end":{}}],"line":65},"6":{"loc":{"start":{"line":74,"column":4},"end":{"line":82,"column":null}},"type":"if","locations":[{"start":{"line":74,"column":4},"end":{"line":82,"column":null}},{"start":{},"end":{}}],"line":74}},"s":{"0":11,"1":11,"2":11,"3":11,"4":11,"5":11,"6":2,"7":0,"8":3,"9":3,"10":8,"11":8,"12":10,"13":10,"14":3,"15":0,"16":2,"17":1,"18":1},"f":{"0":11,"1":2,"2":3,"3":8,"4":10,"5":3,"6":0,"7":2,"8":1,"9":1},"b":{"0":[11,11],"1":[11,0],"2":[0,2],"3":[2,0],"4":[3,0],"5":[8,0],"6":[10,0]},"meta":{"lastBranch":7,"lastFunction":10,"lastStatement":19,"seen":{"s:7:19:13:Infinity":0,"f:20:9:20:33":0,"s:21:8:21:Infinity":1,"b:21:17:21:42:21:42:21:50":0,"s:22:2:22:Infinity":2,"b:22:9:22:30:22:30:22:Infinity":1,"s:25:24:25:Infinity":3,"s:26:22:26:Infinity":4,"s:42:77:94:Infinity":5,"f:46:9:46:13":1,"b:47:4:49:Infinity:undefined:undefined:undefined:undefined":2,"s:47:4:49:Infinity":6,"b:47:8:47:47:47:47:47:62":3,"s:48:6:48:Infinity":7,"f:55:8:55:12":2,"b:56:4:58:Infinity:undefined:undefined:undefined:undefined":4,"s:56:4:58:Infinity":8,"s:57:6:57:Infinity":9,"f:64:8:64:12":3,"b:65:4:67:Infinity:undefined:undefined:undefined:undefined":5,"s:65:4:67:Infinity":10,"s:66:6:66:Infinity":11,"f:73:9:73:13":4,"b:74:4:82:Infinity:undefined:undefined:undefined:undefined":6,"s:74:4:82:Infinity":12,"s:75:6:75:Infinity":13,"f:88:15:88:16":5,"s:88:45:93:Infinity":14,"f:89:11:89:15":6,"s:89:35:89:Infinity":15,"f:90:10:90:14":7,"s:90:34:90:Infinity":16,"f:91:10:91:14":8,"s:91:34:91:Infinity":17,"f:92:11:92:15":9,"s:92:35:92:Infinity":18}}}
}
